2011-05-16 14:51:37 Debug: Notice (1024): Please change the value of 'Security.salt' in app/config/core.php to a salt value specific to your application in [C:\xampp\htdocs\logbook\cake\libs\debugger.php, line 684]
2011-05-16 14:51:37 Debug: Notice (1024): Please change the value of 'Security.cipherSeed' in app/config/core.php to a numeric (digits only) seed value specific to your application in [C:\xampp\htdocs\logbook\cake\libs\debugger.php, line 688]
2011-05-16 14:57:55 Debug: Notice (1024): Please change the value of 'Security.cipherSeed' in app/config/core.php to a numeric (digits only) seed value specific to your application in [C:\xampp\htdocs\logbook\cake\libs\debugger.php, line 688]
2011-05-16 14:58:58 Debug: Notice (1024): Please change the value of 'Security.cipherSeed' in app/config/core.php to a numeric (digits only) seed value specific to your application in [C:\xampp\htdocs\logbook\cake\libs\debugger.php, line 688]
2011-05-16 14:59:00 Debug: Notice (1024): Please change the value of 'Security.cipherSeed' in app/config/core.php to a numeric (digits only) seed value specific to your application in [C:\xampp\htdocs\logbook\cake\libs\debugger.php, line 688]
2011-05-16 15:01:14 Debug: Notice (1024): Please change the value of 'Security.cipherSeed' in app/config/core.php to a numeric (digits only) seed value specific to your application in [C:\xampp\htdocs\logbook\cake\libs\debugger.php, line 688]
2011-05-16 15:07:16 Debug: Notice (1024): Please change the value of 'Security.cipherSeed' in app/config/core.php to a numeric (digits only) seed value specific to your application in [C:\xampp\htdocs\logbook\cake\libs\debugger.php, line 688]
2011-05-16 15:09:40 Debug: Notice (8): Undefined variable: logbooks in [C:\xampp\htdocs\logbook\app\controllers\logs_controller.php, line 16]
2011-05-16 15:09:40 Debug: Notice (8): Undefined property: View::$Paginator in [C:\xampp\htdocs\logbook\app\views\logs\index.ctp, line 53]
2011-05-16 15:12:14 Debug: Notice (8): Undefined variable: logbooks in [C:\xampp\htdocs\logbook\app\controllers\logs_controller.php, line 16]
2011-05-16 15:12:14 Debug: Notice (8): Undefined property: View::$Paginator in [C:\xampp\htdocs\logbook\app\views\logs\index.ctp, line 53]
2011-05-16 15:12:15 Debug: Notice (8): Undefined variable: logbooks in [C:\xampp\htdocs\logbook\app\controllers\logs_controller.php, line 16]
2011-05-16 15:12:15 Debug: Notice (8): Undefined property: View::$Paginator in [C:\xampp\htdocs\logbook\app\views\logs\index.ctp, line 53]
2011-05-16 15:12:34 Debug: Notice (8): Undefined variable: logbooks in [C:\xampp\htdocs\logbook\app\controllers\logs_controller.php, line 16]
2011-05-16 15:12:34 Debug: Notice (8): Undefined property: View::$Paginator in [C:\xampp\htdocs\logbook\app\views\logs\index.ctp, line 53]
2011-05-16 15:12:35 Debug: Notice (8): Undefined variable: logbooks in [C:\xampp\htdocs\logbook\app\controllers\logs_controller.php, line 16]
2011-05-16 15:12:35 Debug: Notice (8): Undefined property: View::$Paginator in [C:\xampp\htdocs\logbook\app\views\logs\index.ctp, line 53]
2011-05-16 16:11:41 Debug: Notice (8): Undefined variable: logbooks in [C:\xampp\htdocs\logbook\app\controllers\logs_controller.php, line 16]
2011-05-16 16:11:41 Debug: Notice (8): Undefined property: View::$Paginator in [C:\xampp\htdocs\logbook\app\views\logs\index.ctp, line 53]
2011-05-16 16:12:30 Debug: Notice (8): Undefined variable: logbooks in [C:\xampp\htdocs\logbook\app\controllers\logs_controller.php, line 16]
2011-05-16 16:12:30 Debug: Notice (8): Undefined property: View::$Paginator in [C:\xampp\htdocs\logbook\app\views\logs\index.ctp, line 53]
2011-05-16 16:32:12 Debug: Notice (8): Undefined variable: logbooks in [C:\xampp\htdocs\logbook\app\controllers\logs_controller.php, line 16]
2011-05-16 16:32:12 Debug: Notice (8): Undefined property: View::$Paginator in [C:\xampp\htdocs\logbook\app\views\logs\index.ctp, line 53]
2011-05-16 16:55:05 Debug: Notice (8): Use of undefined constant asdvasdvvs - assumed 'asdvasdvvs' in [C:\xampp\htdocs\logbook\app\plugins\PluginManager\bootstrap.php, line 16]
2011-05-17 08:20:17 Debug: Notice (8): Undefined variable: logbooks in [C:\xampp\htdocs\logbook\app\controllers\logs_controller.php, line 16]
2011-05-17 08:20:17 Debug: Notice (8): Undefined property: View::$Paginator in [C:\xampp\htdocs\logbook\app\views\logs\index.ctp, line 53]
2011-05-17 08:20:42 Debug: Notice (8): Undefined variable: logbooks in [C:\xampp\htdocs\logbook\app\controllers\logs_controller.php, line 16]
2011-05-17 12:45:10 Debug: Notice (8): Undefined index: uri in [C:\xampp\htdocs\logbook\app\plugins\olog\models\datasources\olog_source.php, line 51]
2011-05-17 12:46:10 Debug: Notice (8): Undefined index: uri in [C:\xampp\htdocs\logbook\app\plugins\olog\models\datasources\olog_source.php, line 51]
2011-05-17 12:56:02 Debug: Notice (8): Undefined index: uri in [C:\xampp\htdocs\logbook\app\plugins\olog\models\datasources\olog_source.php, line 43]
2011-05-17 13:11:50 Debug: Notice (8): Undefined index: scheme in [C:\xampp\htdocs\logbook\app\plugins\olog\models\datasources\olog_source.php, line 25]
2011-05-17 16:08:04 Debug: Notice (8): Undefined variable: response in [C:\xampp\htdocs\logbook\app\plugins\rest\models\datasources\rest_source.php, line 116]
2011-05-17 16:34:29 Debug: Notice (8): Undefined index: total in [C:\xampp\htdocs\logbook\app\plugins\olog\olog_app_model.php, line 77]
2011-05-17 16:34:29 Debug: Notice (8): Undefined index: total in [C:\xampp\htdocs\logbook\app\plugins\olog\olog_app_model.php, line 77]
2011-05-17 16:35:11 Debug: Notice (8): Undefined index: total in [C:\xampp\htdocs\logbook\app\plugins\olog\olog_app_model.php, line 77]
2011-05-17 16:35:11 Debug: Notice (8): Undefined index: total in [C:\xampp\htdocs\logbook\app\plugins\olog\olog_app_model.php, line 77]
2011-05-17 16:35:34 Debug: Notice (8): Undefined index: total in [C:\xampp\htdocs\logbook\app\plugins\olog\olog_app_model.php, line 77]
2011-05-17 16:39:20 Debug: Notice (8): Undefined index: total in [C:\xampp\htdocs\logbook\app\plugins\olog\olog_app_model.php, line 77]
2011-05-17 16:56:40 Debug: Notice (8): Undefined index: total in [C:\xampp\htdocs\logbook\app\plugins\olog\olog_app_model.php, line 77]
2011-05-17 16:56:40 Debug: Notice (8): Undefined index: total in [C:\xampp\htdocs\logbook\app\plugins\olog\olog_app_model.php, line 77]
2011-05-17 16:57:25 Debug: Notice (8): Undefined index: total in [C:\xampp\htdocs\logbook\app\plugins\olog\olog_app_model.php, line 77]
2011-05-17 17:08:14 Debug: Notice (8): Undefined index: total in [C:\xampp\htdocs\logbook\app\plugins\olog\olog_app_model.php, line 77]
2011-05-17 17:09:00 Debug: Notice (8): Undefined index: total in [C:\xampp\htdocs\logbook\app\plugins\olog\olog_app_model.php, line 77]
2011-05-17 17:09:48 Debug: Notice (8): Undefined index: total in [C:\xampp\htdocs\logbook\app\plugins\olog\olog_app_model.php, line 77]
2011-05-17 17:10:28 Debug: Notice (8): Undefined index: total in [C:\xampp\htdocs\logbook\app\plugins\olog\olog_app_model.php, line 77]
2011-05-17 17:10:59 Debug: Notice (8): Undefined index: total in [C:\xampp\htdocs\logbook\app\plugins\olog\olog_app_model.php, line 77]
2011-05-17 17:14:33 Debug: Notice (8): Undefined index: total in [C:\xampp\htdocs\logbook\app\plugins\olog\olog_app_model.php, line 77]
2011-05-17 17:14:59 Debug: Notice (8): Undefined index: total in [C:\xampp\htdocs\logbook\app\plugins\olog\olog_app_model.php, line 77]
2011-05-17 17:15:37 Debug: Notice (8): Undefined index: total in [C:\xampp\htdocs\logbook\app\plugins\olog\olog_app_model.php, line 77]
2011-05-17 17:15:38 Debug: Notice (8): Undefined index: total in [C:\xampp\htdocs\logbook\app\plugins\olog\olog_app_model.php, line 77]
2011-05-17 17:16:17 Debug: Notice (8): Undefined index: total in [C:\xampp\htdocs\logbook\app\plugins\olog\olog_app_model.php, line 77]
2011-05-17 17:16:50 Debug: Notice (8): Undefined index: total in [C:\xampp\htdocs\logbook\app\plugins\olog\olog_app_model.php, line 77]
2011-05-17 17:17:01 Debug: Notice (8): Undefined index: total in [C:\xampp\htdocs\logbook\app\plugins\olog\olog_app_model.php, line 77]
2011-05-17 17:22:19 Debug: Notice (8): Undefined property: LogsController::$_findMethods in [C:\xampp\htdocs\logbook\cake\libs\model\model.php, line 2070]
2011-05-17 17:22:31 Debug: Notice (8): Undefined property: LogsController::$_findMethods in [C:\xampp\htdocs\logbook\cake\libs\model\model.php, line 2070]
2011-05-17 17:22:32 Debug: Notice (8): Undefined property: LogsController::$_findMethods in [C:\xampp\htdocs\logbook\cake\libs\model\model.php, line 2070]
2011-05-17 17:22:33 Debug: Notice (8): Undefined property: LogsController::$_findMethods in [C:\xampp\htdocs\logbook\cake\libs\model\model.php, line 2070]
2011-05-17 17:22:34 Debug: Notice (8): Undefined property: LogsController::$_findMethods in [C:\xampp\htdocs\logbook\cake\libs\model\model.php, line 2070]
2011-05-18 09:39:18 Debug: Notice (8): Undefined offset: 0 in [C:\xampp\htdocs\logbook\app\plugins\olog\olog_app_model.php, line 75]
2011-05-18 09:39:48 Debug: Notice (8): Undefined offset: 0 in [C:\xampp\htdocs\logbook\app\plugins\olog\olog_app_model.php, line 75]
2011-05-18 09:42:46 Debug: Notice (8): Undefined offset: 0 in [C:\xampp\htdocs\logbook\app\plugins\olog\olog_app_model.php, line 75]
2011-05-18 09:43:50 Debug: Notice (8): Undefined offset: 0 in [C:\xampp\htdocs\logbook\app\plugins\olog\olog_app_model.php, line 75]
2011-05-18 09:44:06 Debug: Notice (8): Undefined offset: 0 in [C:\xampp\htdocs\logbook\app\plugins\olog\olog_app_model.php, line 75]
2011-05-18 09:44:22 Debug: Notice (8): Undefined offset: 0 in [C:\xampp\htdocs\logbook\app\plugins\olog\olog_app_model.php, line 75]
2011-05-18 09:57:05 Debug: Notice (8): Undefined offset: 0 in [C:\xampp\htdocs\logbook\app\plugins\olog\olog_app_model.php, line 75]
2011-05-18 09:57:07 Debug: Notice (8): Undefined offset: 0 in [C:\xampp\htdocs\logbook\app\plugins\olog\olog_app_model.php, line 75]
2011-05-18 09:57:55 Debug: Notice (8): Undefined index: total in [C:\xampp\htdocs\logbook\app\plugins\olog\olog_app_model.php, line 77]
2011-05-18 09:57:55 Debug: Notice (8): Undefined index: Log in [C:\xampp\htdocs\logbook\app\plugins\olog\views\logs\index.ctp, line 69]
2011-05-18 09:57:55 Debug: Notice (8): Undefined index: Log in [C:\xampp\htdocs\logbook\app\plugins\olog\views\logs\index.ctp, line 70]
2011-05-18 09:57:55 Debug: Notice (8): Undefined index: Level in [C:\xampp\htdocs\logbook\app\plugins\olog\views\logs\index.ctp, line 72]
2011-05-18 09:57:55 Debug: Notice (8): Undefined index: Log in [C:\xampp\htdocs\logbook\app\plugins\olog\views\logs\index.ctp, line 74]
2011-05-18 09:57:55 Debug: Notice (8): Undefined index: Log in [C:\xampp\htdocs\logbook\app\plugins\olog\views\logs\index.ctp, line 75]
2011-05-18 09:57:55 Debug: Notice (8): Undefined index: Tag in [C:\xampp\htdocs\logbook\app\plugins\olog\views\logs\index.ctp, line 76]
2011-05-18 09:57:55 Debug: Notice (8): Undefined index: User in [C:\xampp\htdocs\logbook\app\plugins\olog\views\logs\index.ctp, line 78]
2011-05-18 09:57:55 Debug: Notice (8): Undefined index: Log in [C:\xampp\htdocs\logbook\app\plugins\olog\views\logs\index.ctp, line 81]
2011-05-18 09:57:55 Debug: Notice (8): Undefined index: Log in [C:\xampp\htdocs\logbook\app\plugins\olog\views\logs\index.ctp, line 82]
2011-05-18 09:57:55 Debug: Notice (8): Undefined index: Log in [C:\xampp\htdocs\logbook\app\plugins\olog\views\logs\index.ctp, line 83]
2011-05-18 09:58:50 Debug: Notice (8): Undefined index: total in [C:\xampp\htdocs\logbook\app\plugins\olog\olog_app_model.php, line 77]
2011-05-18 09:58:50 Debug: Notice (8): Undefined index: Log in [C:\xampp\htdocs\logbook\app\plugins\olog\views\logs\index.ctp, line 70]
2011-05-18 09:58:50 Debug: Notice (8): Undefined index: Log in [C:\xampp\htdocs\logbook\app\plugins\olog\views\logs\index.ctp, line 71]
2011-05-18 09:58:50 Debug: Notice (8): Undefined index: Level in [C:\xampp\htdocs\logbook\app\plugins\olog\views\logs\index.ctp, line 73]
2011-05-18 09:58:50 Debug: Notice (8): Undefined index: Log in [C:\xampp\htdocs\logbook\app\plugins\olog\views\logs\index.ctp, line 75]
2011-05-18 09:58:50 Debug: Notice (8): Undefined index: Log in [C:\xampp\htdocs\logbook\app\plugins\olog\views\logs\index.ctp, line 76]
2011-05-18 09:58:50 Debug: Notice (8): Undefined index: Tag in [C:\xampp\htdocs\logbook\app\plugins\olog\views\logs\index.ctp, line 77]
2011-05-18 09:58:50 Debug: Notice (8): Undefined index: User in [C:\xampp\htdocs\logbook\app\plugins\olog\views\logs\index.ctp, line 79]
2011-05-18 09:58:50 Debug: Notice (8): Undefined index: Log in [C:\xampp\htdocs\logbook\app\plugins\olog\views\logs\index.ctp, line 82]
2011-05-18 09:58:50 Debug: Notice (8): Undefined index: Log in [C:\xampp\htdocs\logbook\app\plugins\olog\views\logs\index.ctp, line 83]
2011-05-18 09:58:50 Debug: Notice (8): Undefined index: Log in [C:\xampp\htdocs\logbook\app\plugins\olog\views\logs\index.ctp, line 84]
2011-05-18 09:59:52 Debug: Notice (8): Undefined index: total in [C:\xampp\htdocs\logbook\app\plugins\olog\olog_app_model.php, line 77]
2011-05-18 09:59:52 Debug: Notice (8): Undefined index: Log in [C:\xampp\htdocs\logbook\app\plugins\olog\views\logs\index.ctp, line 70]
2011-05-18 09:59:52 Debug: Notice (8): Undefined index: Log in [C:\xampp\htdocs\logbook\app\plugins\olog\views\logs\index.ctp, line 71]
2011-05-18 09:59:52 Debug: Notice (8): Undefined index: Level in [C:\xampp\htdocs\logbook\app\plugins\olog\views\logs\index.ctp, line 73]
2011-05-18 09:59:52 Debug: Notice (8): Undefined index: Log in [C:\xampp\htdocs\logbook\app\plugins\olog\views\logs\index.ctp, line 75]
2011-05-18 09:59:52 Debug: Notice (8): Undefined index: Log in [C:\xampp\htdocs\logbook\app\plugins\olog\views\logs\index.ctp, line 76]
2011-05-18 09:59:52 Debug: Notice (8): Undefined index: Tag in [C:\xampp\htdocs\logbook\app\plugins\olog\views\logs\index.ctp, line 77]
2011-05-18 09:59:52 Debug: Notice (8): Undefined index: User in [C:\xampp\htdocs\logbook\app\plugins\olog\views\logs\index.ctp, line 79]
2011-05-18 09:59:52 Debug: Notice (8): Undefined index: Log in [C:\xampp\htdocs\logbook\app\plugins\olog\views\logs\index.ctp, line 82]
2011-05-18 09:59:52 Debug: Notice (8): Undefined index: Log in [C:\xampp\htdocs\logbook\app\plugins\olog\views\logs\index.ctp, line 83]
2011-05-18 09:59:52 Debug: Notice (8): Undefined index: Log in [C:\xampp\htdocs\logbook\app\plugins\olog\views\logs\index.ctp, line 84]
2011-05-18 10:00:16 Debug: Notice (8): Undefined index: total in [C:\xampp\htdocs\logbook\app\plugins\olog\olog_app_model.php, line 77]
2011-05-18 10:00:16 Debug: Notice (8): Undefined index: Log in [C:\xampp\htdocs\logbook\app\plugins\olog\views\logs\index.ctp, line 70]
2011-05-18 10:00:16 Debug: Notice (8): Undefined index: Log in [C:\xampp\htdocs\logbook\app\plugins\olog\views\logs\index.ctp, line 71]
2011-05-18 10:00:16 Debug: Notice (8): Undefined index: Level in [C:\xampp\htdocs\logbook\app\plugins\olog\views\logs\index.ctp, line 73]
2011-05-18 10:00:16 Debug: Notice (8): Undefined index: Log in [C:\xampp\htdocs\logbook\app\plugins\olog\views\logs\index.ctp, line 75]
2011-05-18 10:00:16 Debug: Notice (8): Undefined index: Log in [C:\xampp\htdocs\logbook\app\plugins\olog\views\logs\index.ctp, line 76]
2011-05-18 10:00:16 Debug: Notice (8): Undefined index: Tag in [C:\xampp\htdocs\logbook\app\plugins\olog\views\logs\index.ctp, line 77]
2011-05-18 10:00:16 Debug: Notice (8): Undefined index: User in [C:\xampp\htdocs\logbook\app\plugins\olog\views\logs\index.ctp, line 79]
2011-05-18 10:00:16 Debug: Notice (8): Undefined index: Log in [C:\xampp\htdocs\logbook\app\plugins\olog\views\logs\index.ctp, line 82]
2011-05-18 10:00:16 Debug: Notice (8): Undefined index: Log in [C:\xampp\htdocs\logbook\app\plugins\olog\views\logs\index.ctp, line 83]
2011-05-18 10:00:16 Debug: Notice (8): Undefined index: Log in [C:\xampp\htdocs\logbook\app\plugins\olog\views\logs\index.ctp, line 84]
2011-05-18 10:00:16 Debug: Notice (8): Undefined index: total in [C:\xampp\htdocs\logbook\app\plugins\olog\olog_app_model.php, line 77]
2011-05-18 10:00:16 Debug: Notice (8): Undefined index: Log in [C:\xampp\htdocs\logbook\app\plugins\olog\views\logs\index.ctp, line 70]
2011-05-18 10:00:16 Debug: Notice (8): Undefined index: Log in [C:\xampp\htdocs\logbook\app\plugins\olog\views\logs\index.ctp, line 71]
2011-05-18 10:00:16 Debug: Notice (8): Undefined index: Level in [C:\xampp\htdocs\logbook\app\plugins\olog\views\logs\index.ctp, line 73]
2011-05-18 10:00:16 Debug: Notice (8): Undefined index: Log in [C:\xampp\htdocs\logbook\app\plugins\olog\views\logs\index.ctp, line 75]
2011-05-18 10:00:16 Debug: Notice (8): Undefined index: Log in [C:\xampp\htdocs\logbook\app\plugins\olog\views\logs\index.ctp, line 76]
2011-05-18 10:00:16 Debug: Notice (8): Undefined index: Tag in [C:\xampp\htdocs\logbook\app\plugins\olog\views\logs\index.ctp, line 77]
2011-05-18 10:00:16 Debug: Notice (8): Undefined index: User in [C:\xampp\htdocs\logbook\app\plugins\olog\views\logs\index.ctp, line 79]
2011-05-18 10:00:16 Debug: Notice (8): Undefined index: Log in [C:\xampp\htdocs\logbook\app\plugins\olog\views\logs\index.ctp, line 82]
2011-05-18 10:00:16 Debug: Notice (8): Undefined index: Log in [C:\xampp\htdocs\logbook\app\plugins\olog\views\logs\index.ctp, line 83]
2011-05-18 10:00:16 Debug: Notice (8): Undefined index: Log in [C:\xampp\htdocs\logbook\app\plugins\olog\views\logs\index.ctp, line 84]
2011-05-18 10:00:37 Debug: Notice (8): Undefined index: total in [C:\xampp\htdocs\logbook\app\plugins\olog\olog_app_model.php, line 77]
2011-05-18 10:00:37 Debug: Notice (8): Undefined index: Log in [C:\xampp\htdocs\logbook\app\plugins\olog\views\logs\index.ctp, line 70]
2011-05-18 10:00:37 Debug: Notice (8): Undefined index: Log in [C:\xampp\htdocs\logbook\app\plugins\olog\views\logs\index.ctp, line 71]
2011-05-18 10:00:37 Debug: Notice (8): Undefined index: Level in [C:\xampp\htdocs\logbook\app\plugins\olog\views\logs\index.ctp, line 73]
2011-05-18 10:00:37 Debug: Notice (8): Undefined index: Log in [C:\xampp\htdocs\logbook\app\plugins\olog\views\logs\index.ctp, line 75]
2011-05-18 10:00:37 Debug: Notice (8): Undefined index: Log in [C:\xampp\htdocs\logbook\app\plugins\olog\views\logs\index.ctp, line 76]
2011-05-18 10:00:37 Debug: Notice (8): Undefined index: Tag in [C:\xampp\htdocs\logbook\app\plugins\olog\views\logs\index.ctp, line 77]
2011-05-18 10:00:37 Debug: Notice (8): Undefined index: User in [C:\xampp\htdocs\logbook\app\plugins\olog\views\logs\index.ctp, line 79]
2011-05-18 10:00:37 Debug: Notice (8): Undefined index: Log in [C:\xampp\htdocs\logbook\app\plugins\olog\views\logs\index.ctp, line 82]
2011-05-18 10:00:37 Debug: Notice (8): Undefined index: Log in [C:\xampp\htdocs\logbook\app\plugins\olog\views\logs\index.ctp, line 83]
2011-05-18 10:00:37 Debug: Notice (8): Undefined index: Log in [C:\xampp\htdocs\logbook\app\plugins\olog\views\logs\index.ctp, line 84]
2011-05-18 10:00:37 Debug: Notice (8): Undefined index: total in [C:\xampp\htdocs\logbook\app\plugins\olog\olog_app_model.php, line 77]
2011-05-18 10:00:37 Debug: Notice (8): Undefined index: Log in [C:\xampp\htdocs\logbook\app\plugins\olog\views\logs\index.ctp, line 70]
2011-05-18 10:00:37 Debug: Notice (8): Undefined index: Log in [C:\xampp\htdocs\logbook\app\plugins\olog\views\logs\index.ctp, line 71]
2011-05-18 10:00:37 Debug: Notice (8): Undefined index: Level in [C:\xampp\htdocs\logbook\app\plugins\olog\views\logs\index.ctp, line 73]
2011-05-18 10:00:37 Debug: Notice (8): Undefined index: Log in [C:\xampp\htdocs\logbook\app\plugins\olog\views\logs\index.ctp, line 75]
2011-05-18 10:00:37 Debug: Notice (8): Undefined index: Log in [C:\xampp\htdocs\logbook\app\plugins\olog\views\logs\index.ctp, line 76]
2011-05-18 10:00:37 Debug: Notice (8): Undefined index: Tag in [C:\xampp\htdocs\logbook\app\plugins\olog\views\logs\index.ctp, line 77]
2011-05-18 10:00:37 Debug: Notice (8): Undefined index: User in [C:\xampp\htdocs\logbook\app\plugins\olog\views\logs\index.ctp, line 79]
2011-05-18 10:00:37 Debug: Notice (8): Undefined index: Log in [C:\xampp\htdocs\logbook\app\plugins\olog\views\logs\index.ctp, line 82]
2011-05-18 10:00:37 Debug: Notice (8): Undefined index: Log in [C:\xampp\htdocs\logbook\app\plugins\olog\views\logs\index.ctp, line 83]
2011-05-18 10:00:37 Debug: Notice (8): Undefined index: Log in [C:\xampp\htdocs\logbook\app\plugins\olog\views\logs\index.ctp, line 84]
2011-05-18 10:01:58 Debug: Notice (8): Undefined index: total in [C:\xampp\htdocs\logbook\app\plugins\olog\olog_app_model.php, line 77]
2011-05-18 10:01:58 Debug: Notice (8): Undefined index: id in [C:\xampp\htdocs\logbook\app\plugins\olog\views\logs\index.ctp, line 69]
2011-05-18 10:01:58 Debug: Notice (8): Undefined index: Log in [C:\xampp\htdocs\logbook\app\plugins\olog\views\logs\index.ctp, line 70]
2011-05-18 10:01:58 Debug: Notice (8): Undefined index: Level in [C:\xampp\htdocs\logbook\app\plugins\olog\views\logs\index.ctp, line 72]
2011-05-18 10:01:58 Debug: Notice (8): Undefined index: Log in [C:\xampp\htdocs\logbook\app\plugins\olog\views\logs\index.ctp, line 74]
2011-05-18 10:01:58 Debug: Notice (8): Undefined index: Log in [C:\xampp\htdocs\logbook\app\plugins\olog\views\logs\index.ctp, line 75]
2011-05-18 10:01:58 Debug: Notice (8): Undefined index: Tag in [C:\xampp\htdocs\logbook\app\plugins\olog\views\logs\index.ctp, line 76]
2011-05-18 10:01:58 Debug: Notice (8): Undefined index: User in [C:\xampp\htdocs\logbook\app\plugins\olog\views\logs\index.ctp, line 78]
2011-05-18 10:01:58 Debug: Notice (8): Undefined index: Log in [C:\xampp\htdocs\logbook\app\plugins\olog\views\logs\index.ctp, line 81]
2011-05-18 10:01:59 Debug: Notice (8): Undefined index: Log in [C:\xampp\htdocs\logbook\app\plugins\olog\views\logs\index.ctp, line 82]
2011-05-18 10:01:59 Debug: Notice (8): Undefined index: Log in [C:\xampp\htdocs\logbook\app\plugins\olog\views\logs\index.ctp, line 83]
2011-05-18 10:02:12 Debug: Notice (8): Undefined index: total in [C:\xampp\htdocs\logbook\app\plugins\olog\olog_app_model.php, line 77]
2011-05-18 10:02:12 Debug: Notice (8): Undefined index: Log in [C:\xampp\htdocs\logbook\app\plugins\olog\views\logs\index.ctp, line 70]
2011-05-18 10:02:12 Debug: Notice (8): Undefined index: Level in [C:\xampp\htdocs\logbook\app\plugins\olog\views\logs\index.ctp, line 72]
2011-05-18 10:02:12 Debug: Notice (8): Undefined index: Log in [C:\xampp\htdocs\logbook\app\plugins\olog\views\logs\index.ctp, line 74]
2011-05-18 10:02:12 Debug: Notice (8): Undefined index: Log in [C:\xampp\htdocs\logbook\app\plugins\olog\views\logs\index.ctp, line 75]
2011-05-18 10:02:12 Debug: Notice (8): Undefined index: Tag in [C:\xampp\htdocs\logbook\app\plugins\olog\views\logs\index.ctp, line 76]
2011-05-18 10:02:12 Debug: Notice (8): Undefined index: User in [C:\xampp\htdocs\logbook\app\plugins\olog\views\logs\index.ctp, line 78]
2011-05-18 10:02:12 Debug: Notice (8): Undefined index: Log in [C:\xampp\htdocs\logbook\app\plugins\olog\views\logs\index.ctp, line 81]
2011-05-18 10:02:12 Debug: Notice (8): Undefined index: Log in [C:\xampp\htdocs\logbook\app\plugins\olog\views\logs\index.ctp, line 82]
2011-05-18 10:02:12 Debug: Notice (8): Undefined index: Log in [C:\xampp\htdocs\logbook\app\plugins\olog\views\logs\index.ctp, line 83]
2011-05-18 10:04:28 Debug: Notice (8): Undefined index: total in [C:\xampp\htdocs\logbook\app\plugins\olog\olog_app_model.php, line 77]
2011-05-18 10:04:50 Debug: Notice (8): Undefined index: total in [C:\xampp\htdocs\logbook\app\plugins\olog\olog_app_model.php, line 77]
2011-05-18 10:05:06 Debug: Notice (8): Undefined index: total in [C:\xampp\htdocs\logbook\app\plugins\olog\olog_app_model.php, line 77]
2011-05-18 10:05:07 Debug: Notice (8): Undefined index: Level in [C:\xampp\htdocs\logbook\app\plugins\olog\views\logs\index.ctp, line 72]
2011-05-18 10:05:07 Debug: Notice (8): Undefined index: Log in [C:\xampp\htdocs\logbook\app\plugins\olog\views\logs\index.ctp, line 74]
2011-05-18 10:05:07 Debug: Notice (8): Undefined index: Log in [C:\xampp\htdocs\logbook\app\plugins\olog\views\logs\index.ctp, line 75]
2011-05-18 10:05:07 Debug: Notice (8): Undefined index: Tag in [C:\xampp\htdocs\logbook\app\plugins\olog\views\logs\index.ctp, line 76]
2011-05-18 10:05:07 Debug: Notice (8): Undefined index: User in [C:\xampp\htdocs\logbook\app\plugins\olog\views\logs\index.ctp, line 78]
2011-05-18 10:05:07 Debug: Notice (8): Undefined index: Log in [C:\xampp\htdocs\logbook\app\plugins\olog\views\logs\index.ctp, line 81]
2011-05-18 10:05:07 Debug: Notice (8): Undefined index: Log in [C:\xampp\htdocs\logbook\app\plugins\olog\views\logs\index.ctp, line 82]
2011-05-18 10:05:07 Debug: Notice (8): Undefined index: Log in [C:\xampp\htdocs\logbook\app\plugins\olog\views\logs\index.ctp, line 83]
2011-05-18 10:05:07 Debug: Notice (8): Undefined index: total in [C:\xampp\htdocs\logbook\app\plugins\olog\olog_app_model.php, line 77]
2011-05-18 10:05:07 Debug: Notice (8): Undefined index: Level in [C:\xampp\htdocs\logbook\app\plugins\olog\views\logs\index.ctp, line 72]
2011-05-18 10:05:07 Debug: Notice (8): Undefined index: Log in [C:\xampp\htdocs\logbook\app\plugins\olog\views\logs\index.ctp, line 74]
2011-05-18 10:05:07 Debug: Notice (8): Undefined index: Log in [C:\xampp\htdocs\logbook\app\plugins\olog\views\logs\index.ctp, line 75]
2011-05-18 10:05:07 Debug: Notice (8): Undefined index: Tag in [C:\xampp\htdocs\logbook\app\plugins\olog\views\logs\index.ctp, line 76]
2011-05-18 10:05:07 Debug: Notice (8): Undefined index: User in [C:\xampp\htdocs\logbook\app\plugins\olog\views\logs\index.ctp, line 78]
2011-05-18 10:05:07 Debug: Notice (8): Undefined index: Log in [C:\xampp\htdocs\logbook\app\plugins\olog\views\logs\index.ctp, line 81]
2011-05-18 10:05:07 Debug: Notice (8): Undefined index: Log in [C:\xampp\htdocs\logbook\app\plugins\olog\views\logs\index.ctp, line 82]
2011-05-18 10:05:07 Debug: Notice (8): Undefined index: Log in [C:\xampp\htdocs\logbook\app\plugins\olog\views\logs\index.ctp, line 83]
2011-05-18 10:07:31 Debug: Notice (8): Undefined index: total in [C:\xampp\htdocs\logbook\app\plugins\olog\olog_app_model.php, line 77]
2011-05-18 10:07:31 Debug: Notice (8): Undefined index: detail in [C:\xampp\htdocs\logbook\app\plugins\olog\views\logs\index.ctp, line 77]
2011-05-18 10:07:31 Debug: Notice (8): Undefined index: Tag in [C:\xampp\htdocs\logbook\app\plugins\olog\views\logs\index.ctp, line 78]
2011-05-18 10:07:31 Debug: Notice (8): Undefined index: User in [C:\xampp\htdocs\logbook\app\plugins\olog\views\logs\index.ctp, line 80]
2011-05-18 10:07:31 Debug: Notice (8): Undefined index: Log in [C:\xampp\htdocs\logbook\app\plugins\olog\views\logs\index.ctp, line 83]
2011-05-18 10:07:31 Debug: Notice (8): Undefined index: Log in [C:\xampp\htdocs\logbook\app\plugins\olog\views\logs\index.ctp, line 84]
2011-05-18 10:07:31 Debug: Notice (8): Undefined index: Log in [C:\xampp\htdocs\logbook\app\plugins\olog\views\logs\index.ctp, line 85]
2011-05-18 10:07:54 Debug: Notice (8): Undefined index: total in [C:\xampp\htdocs\logbook\app\plugins\olog\olog_app_model.php, line 77]
2011-05-18 10:07:54 Debug: Notice (8): Undefined index: Tag in [C:\xampp\htdocs\logbook\app\plugins\olog\views\logs\index.ctp, line 78]
2011-05-18 10:07:54 Debug: Notice (8): Undefined index: User in [C:\xampp\htdocs\logbook\app\plugins\olog\views\logs\index.ctp, line 80]
2011-05-18 10:07:54 Debug: Notice (8): Undefined index: Log in [C:\xampp\htdocs\logbook\app\plugins\olog\views\logs\index.ctp, line 83]
2011-05-18 10:07:54 Debug: Notice (8): Undefined index: Log in [C:\xampp\htdocs\logbook\app\plugins\olog\views\logs\index.ctp, line 84]
2011-05-18 10:07:54 Debug: Notice (8): Undefined index: Log in [C:\xampp\htdocs\logbook\app\plugins\olog\views\logs\index.ctp, line 85]
2011-05-18 10:09:06 Debug: Notice (8): Undefined index: total in [C:\xampp\htdocs\logbook\app\plugins\olog\olog_app_model.php, line 77]
2011-05-18 10:09:06 Debug: Notice (8): Undefined index: tag in [C:\xampp\htdocs\logbook\app\plugins\olog\views\logs\index.ctp, line 79]
2011-05-18 10:09:06 Debug: Notice (8): Undefined index: User in [C:\xampp\htdocs\logbook\app\plugins\olog\views\logs\index.ctp, line 81]
2011-05-18 10:09:06 Debug: Notice (8): Undefined index: Log in [C:\xampp\htdocs\logbook\app\plugins\olog\views\logs\index.ctp, line 84]
2011-05-18 10:09:06 Debug: Notice (8): Undefined index: Log in [C:\xampp\htdocs\logbook\app\plugins\olog\views\logs\index.ctp, line 85]
2011-05-18 10:09:06 Debug: Notice (8): Undefined index: Log in [C:\xampp\htdocs\logbook\app\plugins\olog\views\logs\index.ctp, line 86]
2011-05-18 10:10:13 Debug: Notice (8): Undefined index: total in [C:\xampp\htdocs\logbook\app\plugins\olog\olog_app_model.php, line 77]
2011-05-18 10:10:13 Debug: Notice (8): Undefined index: tag in [C:\xampp\htdocs\logbook\app\plugins\olog\views\logs\index.ctp, line 79]
2011-05-18 10:10:40 Debug: Notice (8): Undefined index: total in [C:\xampp\htdocs\logbook\app\plugins\olog\olog_app_model.php, line 77]
2011-05-18 10:11:01 Debug: Notice (8): Undefined index: total in [C:\xampp\htdocs\logbook\app\plugins\olog\olog_app_model.php, line 77]
2011-05-18 10:12:16 Debug: Notice (8): Undefined index: total in [C:\xampp\htdocs\logbook\app\plugins\olog\olog_app_model.php, line 77]
2011-05-18 10:13:22 Debug: Notice (8): Undefined index: total in [C:\xampp\htdocs\logbook\app\plugins\olog\olog_app_model.php, line 77]
2011-05-18 10:14:22 Debug: Notice (8): Undefined index: total in [C:\xampp\htdocs\logbook\app\plugins\olog\olog_app_model.php, line 77]
2011-05-18 10:14:23 Debug: Notice (8): Undefined index: total in [C:\xampp\htdocs\logbook\app\plugins\olog\olog_app_model.php, line 77]
2011-05-18 10:15:10 Debug: Notice (8): Undefined index: total in [C:\xampp\htdocs\logbook\app\plugins\olog\olog_app_model.php, line 77]
2011-05-18 10:15:38 Debug: Notice (8): Undefined index: total in [C:\xampp\htdocs\logbook\app\plugins\olog\olog_app_model.php, line 77]
2011-05-18 10:15:58 Debug: Notice (8): Undefined index: total in [C:\xampp\htdocs\logbook\app\plugins\olog\olog_app_model.php, line 77]
2011-05-18 10:16:19 Debug: Notice (8): Undefined index: total in [C:\xampp\htdocs\logbook\app\plugins\olog\olog_app_model.php, line 77]
2011-05-18 10:17:37 Debug: Notice (8): Undefined index: total in [C:\xampp\htdocs\logbook\app\plugins\olog\olog_app_model.php, line 77]
2011-05-18 10:18:11 Debug: Notice (8): Undefined index: total in [C:\xampp\htdocs\logbook\app\plugins\olog\olog_app_model.php, line 77]
2011-05-18 10:19:02 Debug: Notice (8): Undefined index: total in [C:\xampp\htdocs\logbook\app\plugins\olog\olog_app_model.php, line 77]
2011-05-18 10:19:53 Debug: Notice (8): Undefined index: total in [C:\xampp\htdocs\logbook\app\plugins\olog\olog_app_model.php, line 77]
2011-05-18 10:19:54 Debug: Notice (8): Undefined index: total in [C:\xampp\htdocs\logbook\app\plugins\olog\olog_app_model.php, line 77]
2011-05-18 10:20:50 Debug: Notice (8): Undefined index: total in [C:\xampp\htdocs\logbook\app\plugins\olog\olog_app_model.php, line 77]
2011-05-18 10:20:52 Debug: Notice (8): Undefined index: total in [C:\xampp\htdocs\logbook\app\plugins\olog\olog_app_model.php, line 77]
2011-05-18 10:21:06 Debug: Notice (8): Undefined index: total in [C:\xampp\htdocs\logbook\app\plugins\olog\olog_app_model.php, line 77]
2011-05-18 10:21:21 Debug: Notice (8): Undefined index: total in [C:\xampp\htdocs\logbook\app\plugins\olog\olog_app_model.php, line 77]
2011-05-18 10:21:21 Debug: Notice (8): Undefined index: log in [C:\xampp\htdocs\logbook\app\plugins\olog\views\logs\index.ctp, line 63]
2011-05-18 10:22:08 Debug: Notice (8): Undefined index: total in [C:\xampp\htdocs\logbook\app\plugins\olog\olog_app_model.php, line 77]
2011-05-18 10:22:08 Debug: Notice (8): Undefined index: log in [C:\xampp\htdocs\logbook\app\plugins\olog\views\logs\index.ctp, line 63]
2011-05-18 10:22:08 Debug: Notice (8): Undefined index: total in [C:\xampp\htdocs\logbook\app\plugins\olog\olog_app_model.php, line 77]
2011-05-18 10:22:08 Debug: Notice (8): Undefined index: log in [C:\xampp\htdocs\logbook\app\plugins\olog\views\logs\index.ctp, line 63]
2011-05-18 10:22:12 Debug: Notice (8): Undefined index: total in [C:\xampp\htdocs\logbook\app\plugins\olog\olog_app_model.php, line 77]
2011-05-18 10:22:12 Debug: Notice (8): Undefined index: log in [C:\xampp\htdocs\logbook\app\plugins\olog\views\logs\index.ctp, line 63]
2011-05-18 10:22:50 Debug: Notice (8): Undefined index: total in [C:\xampp\htdocs\logbook\app\plugins\olog\olog_app_model.php, line 77]
2011-05-18 10:22:51 Debug: Notice (8): Undefined index: total in [C:\xampp\htdocs\logbook\app\plugins\olog\olog_app_model.php, line 77]
2011-05-18 10:23:03 Debug: Notice (8): Undefined index: total in [C:\xampp\htdocs\logbook\app\plugins\olog\olog_app_model.php, line 77]
2011-05-18 10:23:03 Debug: Notice (8): Undefined offset: 0 in [C:\xampp\htdocs\logbook\app\plugins\olog\views\logs\index.ctp, line 73]
2011-05-18 10:23:26 Debug: Notice (8): Undefined index: total in [C:\xampp\htdocs\logbook\app\plugins\olog\olog_app_model.php, line 77]
2011-05-18 10:23:26 Debug: Notice (8): Undefined index: log in [C:\xampp\htdocs\logbook\app\plugins\olog\views\logs\index.ctp, line 63]
2011-05-18 10:23:43 Debug: Notice (8): Undefined index: total in [C:\xampp\htdocs\logbook\app\plugins\olog\olog_app_model.php, line 77]
2011-05-18 10:24:09 Debug: Notice (8): Undefined index: total in [C:\xampp\htdocs\logbook\app\plugins\olog\olog_app_model.php, line 77]
2011-05-18 10:27:35 Debug: Notice (8): Undefined index: total in [C:\xampp\htdocs\logbook\app\plugins\olog\olog_app_model.php, line 77]
2011-05-18 10:27:35 Debug: Notice (8): Undefined index: logs in [C:\xampp\htdocs\logbook\app\plugins\olog\views\logs\index.ctp, line 73]
2011-05-18 10:27:54 Debug: Notice (8): Undefined index: total in [C:\xampp\htdocs\logbook\app\plugins\olog\olog_app_model.php, line 77]
2011-05-18 10:28:21 Debug: Notice (8): Undefined index: total in [C:\xampp\htdocs\logbook\app\plugins\olog\olog_app_model.php, line 77]
2011-05-18 10:28:21 Debug: Notice (8): Undefined index: log in [C:\xampp\htdocs\logbook\app\plugins\olog\views\logs\index.ctp, line 73]
2011-05-18 10:28:21 Debug: Notice (8): Undefined index: total in [C:\xampp\htdocs\logbook\app\plugins\olog\olog_app_model.php, line 77]
2011-05-18 10:28:21 Debug: Notice (8): Undefined index: log in [C:\xampp\htdocs\logbook\app\plugins\olog\views\logs\index.ctp, line 73]
2011-05-18 10:32:01 Debug: Notice (8): Undefined index: total in [C:\xampp\htdocs\logbook\app\plugins\olog\olog_app_model.php, line 77]
2011-05-18 10:32:39 Debug: Notice (8): Undefined index: total in [C:\xampp\htdocs\logbook\app\plugins\olog\olog_app_model.php, line 77]
2011-05-18 10:32:43 Debug: Notice (8): Undefined index: total in [C:\xampp\htdocs\logbook\app\plugins\olog\olog_app_model.php, line 77]
2011-05-18 10:32:43 Debug: Notice (8): Undefined index: log in [C:\xampp\htdocs\logbook\app\plugins\olog\views\logs\index.ctp, line 69]
2011-05-18 10:32:43 Debug: Notice (8): Undefined index: total in [C:\xampp\htdocs\logbook\app\plugins\olog\olog_app_model.php, line 77]
2011-05-18 10:32:43 Debug: Notice (8): Undefined index: log in [C:\xampp\htdocs\logbook\app\plugins\olog\views\logs\index.ctp, line 69]
2011-05-18 10:32:48 Debug: Notice (8): Undefined index: total in [C:\xampp\htdocs\logbook\app\plugins\olog\olog_app_model.php, line 77]
2011-05-18 10:32:48 Debug: Notice (8): Undefined index: log in [C:\xampp\htdocs\logbook\app\plugins\olog\views\logs\index.ctp, line 69]
2011-05-18 10:32:48 Debug: Notice (8): Undefined index: total in [C:\xampp\htdocs\logbook\app\plugins\olog\olog_app_model.php, line 77]
2011-05-18 10:32:48 Debug: Notice (8): Undefined index: log in [C:\xampp\htdocs\logbook\app\plugins\olog\views\logs\index.ctp, line 69]
2011-05-18 10:35:35 Debug: Notice (8): Undefined index: total in [C:\xampp\htdocs\logbook\app\plugins\olog\olog_app_model.php, line 77]
2011-05-18 10:35:35 Debug: Notice (8): Undefined index: log in [C:\xampp\htdocs\logbook\app\plugins\olog\views\logs\index.ctp, line 63]
2011-05-18 10:35:47 Debug: Notice (8): Undefined index: total in [C:\xampp\htdocs\logbook\app\plugins\olog\olog_app_model.php, line 77]
2011-05-18 10:35:47 Debug: Notice (8): Undefined index: log in [C:\xampp\htdocs\logbook\app\plugins\olog\views\logs\index.ctp, line 63]
2011-05-18 10:37:25 Debug: Notice (8): Undefined index: total in [C:\xampp\htdocs\logbook\app\plugins\olog\olog_app_model.php, line 77]
2011-05-18 10:37:59 Debug: Notice (8): Undefined index: total in [C:\xampp\htdocs\logbook\app\plugins\olog\olog_app_model.php, line 77]
2011-05-18 10:38:00 Debug: Notice (8): Undefined index: log in [C:\xampp\htdocs\logbook\app\plugins\olog\views\logs\index.ctp, line 70]
2011-05-18 10:38:09 Debug: Notice (8): Undefined index: total in [C:\xampp\htdocs\logbook\app\plugins\olog\olog_app_model.php, line 77]
2011-05-18 10:38:21 Debug: Notice (8): Undefined index: total in [C:\xampp\htdocs\logbook\app\plugins\olog\olog_app_model.php, line 77]
2011-05-18 10:38:21 Debug: Notice (8): Undefined index: id in [C:\xampp\htdocs\logbook\app\plugins\olog\views\logs\index.ctp, line 74]
2011-05-18 10:38:21 Debug: Notice (8): Undefined index: createdDate in [C:\xampp\htdocs\logbook\app\plugins\olog\views\logs\index.ctp, line 75]
2011-05-18 10:38:21 Debug: Notice (8): Undefined index: version in [C:\xampp\htdocs\logbook\app\plugins\olog\views\logs\index.ctp, line 75]
2011-05-18 10:38:22 Debug: Notice (8): Undefined index: level in [C:\xampp\htdocs\logbook\app\plugins\olog\views\logs\index.ctp, line 77]
2011-05-18 10:38:22 Debug: Notice (8): Undefined index: subject in [C:\xampp\htdocs\logbook\app\plugins\olog\views\logs\index.ctp, line 79]
2011-05-18 10:38:22 Debug: Notice (8): Undefined index: description in [C:\xampp\htdocs\logbook\app\plugins\olog\views\logs\index.ctp, line 80]
2011-05-18 10:38:22 Debug: Notice (8): Undefined index: tags in [C:\xampp\htdocs\logbook\app\plugins\olog\views\logs\index.ctp, line 81]
2011-05-18 10:38:22 Debug: Notice (8): Undefined index: logbooks in [C:\xampp\htdocs\logbook\app\plugins\olog\views\logs\index.ctp, line 82]
2011-05-18 10:38:22 Debug: Notice (8): Undefined index: owner in [C:\xampp\htdocs\logbook\app\plugins\olog\views\logs\index.ctp, line 84]
2011-05-18 10:38:22 Debug: Notice (8): Undefined index: id in [C:\xampp\htdocs\logbook\app\plugins\olog\views\logs\index.ctp, line 87]
2011-05-18 10:38:22 Debug: Notice (8): Undefined index: id in [C:\xampp\htdocs\logbook\app\plugins\olog\views\logs\index.ctp, line 88]
2011-05-18 10:38:22 Debug: Notice (8): Undefined index: id in [C:\xampp\htdocs\logbook\app\plugins\olog\views\logs\index.ctp, line 89]
2011-05-18 10:38:37 Debug: Notice (8): Undefined index: total in [C:\xampp\htdocs\logbook\app\plugins\olog\olog_app_model.php, line 77]
2011-05-18 10:38:37 Debug: Notice (8): Undefined index: id in [C:\xampp\htdocs\logbook\app\plugins\olog\views\logs\index.ctp, line 74]
2011-05-18 10:38:37 Debug: Notice (8): Undefined index: createdDate in [C:\xampp\htdocs\logbook\app\plugins\olog\views\logs\index.ctp, line 75]
2011-05-18 10:38:37 Debug: Notice (8): Undefined index: version in [C:\xampp\htdocs\logbook\app\plugins\olog\views\logs\index.ctp, line 75]
2011-05-18 10:38:37 Debug: Notice (8): Undefined index: level in [C:\xampp\htdocs\logbook\app\plugins\olog\views\logs\index.ctp, line 77]
2011-05-18 10:38:38 Debug: Notice (8): Undefined index: subject in [C:\xampp\htdocs\logbook\app\plugins\olog\views\logs\index.ctp, line 79]
2011-05-18 10:38:38 Debug: Notice (8): Undefined index: description in [C:\xampp\htdocs\logbook\app\plugins\olog\views\logs\index.ctp, line 80]
2011-05-18 10:38:38 Debug: Notice (8): Undefined index: tags in [C:\xampp\htdocs\logbook\app\plugins\olog\views\logs\index.ctp, line 81]
2011-05-18 10:38:38 Debug: Notice (8): Undefined index: logbooks in [C:\xampp\htdocs\logbook\app\plugins\olog\views\logs\index.ctp, line 82]
2011-05-18 10:38:38 Debug: Notice (8): Undefined index: owner in [C:\xampp\htdocs\logbook\app\plugins\olog\views\logs\index.ctp, line 84]
2011-05-18 10:38:38 Debug: Notice (8): Undefined index: id in [C:\xampp\htdocs\logbook\app\plugins\olog\views\logs\index.ctp, line 87]
2011-05-18 10:38:38 Debug: Notice (8): Undefined index: id in [C:\xampp\htdocs\logbook\app\plugins\olog\views\logs\index.ctp, line 88]
2011-05-18 10:38:38 Debug: Notice (8): Undefined index: id in [C:\xampp\htdocs\logbook\app\plugins\olog\views\logs\index.ctp, line 89]
2011-05-18 10:39:35 Debug: Notice (8): Undefined index: total in [C:\xampp\htdocs\logbook\app\plugins\olog\olog_app_model.php, line 77]
2011-05-18 10:39:35 Debug: Notice (8): Undefined index: id in [C:\xampp\htdocs\logbook\app\plugins\olog\views\logs\index.ctp, line 74]
2011-05-18 10:39:35 Debug: Notice (8): Undefined index: createdDate in [C:\xampp\htdocs\logbook\app\plugins\olog\views\logs\index.ctp, line 75]
2011-05-18 10:39:35 Debug: Notice (8): Undefined index: version in [C:\xampp\htdocs\logbook\app\plugins\olog\views\logs\index.ctp, line 75]
2011-05-18 10:39:35 Debug: Notice (8): Undefined index: level in [C:\xampp\htdocs\logbook\app\plugins\olog\views\logs\index.ctp, line 77]
2011-05-18 10:39:35 Debug: Notice (8): Undefined index: subject in [C:\xampp\htdocs\logbook\app\plugins\olog\views\logs\index.ctp, line 79]
2011-05-18 10:39:35 Debug: Notice (8): Undefined index: description in [C:\xampp\htdocs\logbook\app\plugins\olog\views\logs\index.ctp, line 80]
2011-05-18 10:39:35 Debug: Notice (8): Undefined index: tags in [C:\xampp\htdocs\logbook\app\plugins\olog\views\logs\index.ctp, line 81]
2011-05-18 10:39:35 Debug: Notice (8): Undefined index: logbooks in [C:\xampp\htdocs\logbook\app\plugins\olog\views\logs\index.ctp, line 82]
2011-05-18 10:39:35 Debug: Notice (8): Undefined index: owner in [C:\xampp\htdocs\logbook\app\plugins\olog\views\logs\index.ctp, line 84]
2011-05-18 10:39:35 Debug: Notice (8): Undefined index: id in [C:\xampp\htdocs\logbook\app\plugins\olog\views\logs\index.ctp, line 87]
2011-05-18 10:39:35 Debug: Notice (8): Undefined index: id in [C:\xampp\htdocs\logbook\app\plugins\olog\views\logs\index.ctp, line 88]
2011-05-18 10:39:35 Debug: Notice (8): Undefined index: id in [C:\xampp\htdocs\logbook\app\plugins\olog\views\logs\index.ctp, line 89]
2011-05-18 10:39:52 Debug: Notice (8): Undefined index: total in [C:\xampp\htdocs\logbook\app\plugins\olog\olog_app_model.php, line 77]
2011-05-18 10:39:52 Debug: Notice (8): Undefined index: id in [C:\xampp\htdocs\logbook\app\plugins\olog\views\logs\index.ctp, line 74]
2011-05-18 10:39:52 Debug: Notice (8): Undefined index: createdDate in [C:\xampp\htdocs\logbook\app\plugins\olog\views\logs\index.ctp, line 75]
2011-05-18 10:39:52 Debug: Notice (8): Undefined index: version in [C:\xampp\htdocs\logbook\app\plugins\olog\views\logs\index.ctp, line 75]
2011-05-18 10:39:52 Debug: Notice (8): Undefined index: level in [C:\xampp\htdocs\logbook\app\plugins\olog\views\logs\index.ctp, line 77]
2011-05-18 10:39:52 Debug: Notice (8): Undefined index: subject in [C:\xampp\htdocs\logbook\app\plugins\olog\views\logs\index.ctp, line 79]
2011-05-18 10:39:52 Debug: Notice (8): Undefined index: description in [C:\xampp\htdocs\logbook\app\plugins\olog\views\logs\index.ctp, line 80]
2011-05-18 10:39:52 Debug: Notice (8): Undefined index: tags in [C:\xampp\htdocs\logbook\app\plugins\olog\views\logs\index.ctp, line 81]
2011-05-18 10:39:52 Debug: Notice (8): Undefined index: logbooks in [C:\xampp\htdocs\logbook\app\plugins\olog\views\logs\index.ctp, line 82]
2011-05-18 10:39:52 Debug: Notice (8): Undefined index: owner in [C:\xampp\htdocs\logbook\app\plugins\olog\views\logs\index.ctp, line 84]
2011-05-18 10:39:52 Debug: Notice (8): Undefined index: id in [C:\xampp\htdocs\logbook\app\plugins\olog\views\logs\index.ctp, line 87]
2011-05-18 10:39:52 Debug: Notice (8): Undefined index: id in [C:\xampp\htdocs\logbook\app\plugins\olog\views\logs\index.ctp, line 88]
2011-05-18 10:39:52 Debug: Notice (8): Undefined index: id in [C:\xampp\htdocs\logbook\app\plugins\olog\views\logs\index.ctp, line 89]
2011-05-18 10:40:02 Debug: Notice (8): Undefined index: total in [C:\xampp\htdocs\logbook\app\plugins\olog\olog_app_model.php, line 77]
2011-05-18 10:40:02 Debug: Notice (8): Undefined index: id in [C:\xampp\htdocs\logbook\app\plugins\olog\views\logs\index.ctp, line 74]
2011-05-18 10:40:02 Debug: Notice (8): Undefined index: createdDate in [C:\xampp\htdocs\logbook\app\plugins\olog\views\logs\index.ctp, line 75]
2011-05-18 10:40:02 Debug: Notice (8): Undefined index: version in [C:\xampp\htdocs\logbook\app\plugins\olog\views\logs\index.ctp, line 75]
2011-05-18 10:40:02 Debug: Notice (8): Undefined index: level in [C:\xampp\htdocs\logbook\app\plugins\olog\views\logs\index.ctp, line 77]
2011-05-18 10:40:02 Debug: Notice (8): Undefined index: subject in [C:\xampp\htdocs\logbook\app\plugins\olog\views\logs\index.ctp, line 79]
2011-05-18 10:40:02 Debug: Notice (8): Undefined index: description in [C:\xampp\htdocs\logbook\app\plugins\olog\views\logs\index.ctp, line 80]
2011-05-18 10:40:02 Debug: Notice (8): Undefined index: tags in [C:\xampp\htdocs\logbook\app\plugins\olog\views\logs\index.ctp, line 81]
2011-05-18 10:40:02 Debug: Notice (8): Undefined index: logbooks in [C:\xampp\htdocs\logbook\app\plugins\olog\views\logs\index.ctp, line 82]
2011-05-18 10:40:02 Debug: Notice (8): Undefined index: owner in [C:\xampp\htdocs\logbook\app\plugins\olog\views\logs\index.ctp, line 84]
2011-05-18 10:40:02 Debug: Notice (8): Undefined index: id in [C:\xampp\htdocs\logbook\app\plugins\olog\views\logs\index.ctp, line 87]
2011-05-18 10:40:02 Debug: Notice (8): Undefined index: id in [C:\xampp\htdocs\logbook\app\plugins\olog\views\logs\index.ctp, line 88]
2011-05-18 10:40:02 Debug: Notice (8): Undefined index: id in [C:\xampp\htdocs\logbook\app\plugins\olog\views\logs\index.ctp, line 89]
2011-05-18 10:40:35 Debug: Notice (8): Undefined index: total in [C:\xampp\htdocs\logbook\app\plugins\olog\olog_app_model.php, line 77]
2011-05-18 10:40:35 Debug: Notice (8): Undefined offset: 2 in [C:\xampp\htdocs\logbook\app\plugins\olog\views\logs\index.ctp, line 68]
2011-05-18 10:40:35 Debug: Notice (8): Undefined index: id in [C:\xampp\htdocs\logbook\app\plugins\olog\views\logs\index.ctp, line 73]
2011-05-18 10:40:35 Debug: Notice (8): Undefined index: createdDate in [C:\xampp\htdocs\logbook\app\plugins\olog\views\logs\index.ctp, line 74]
2011-05-18 10:40:35 Debug: Notice (8): Undefined index: version in [C:\xampp\htdocs\logbook\app\plugins\olog\views\logs\index.ctp, line 74]
2011-05-18 10:40:35 Debug: Notice (8): Undefined index: level in [C:\xampp\htdocs\logbook\app\plugins\olog\views\logs\index.ctp, line 76]
2011-05-18 10:40:35 Debug: Notice (8): Undefined index: subject in [C:\xampp\htdocs\logbook\app\plugins\olog\views\logs\index.ctp, line 78]
2011-05-18 10:40:35 Debug: Notice (8): Undefined index: description in [C:\xampp\htdocs\logbook\app\plugins\olog\views\logs\index.ctp, line 79]
2011-05-18 10:40:35 Debug: Notice (8): Undefined index: tags in [C:\xampp\htdocs\logbook\app\plugins\olog\views\logs\index.ctp, line 80]
2011-05-18 10:40:35 Debug: Notice (8): Undefined index: logbooks in [C:\xampp\htdocs\logbook\app\plugins\olog\views\logs\index.ctp, line 81]
2011-05-18 10:40:35 Debug: Notice (8): Undefined index: owner in [C:\xampp\htdocs\logbook\app\plugins\olog\views\logs\index.ctp, line 83]
2011-05-18 10:40:36 Debug: Notice (8): Undefined index: id in [C:\xampp\htdocs\logbook\app\plugins\olog\views\logs\index.ctp, line 86]
2011-05-18 10:40:36 Debug: Notice (8): Undefined index: id in [C:\xampp\htdocs\logbook\app\plugins\olog\views\logs\index.ctp, line 87]
2011-05-18 10:40:36 Debug: Notice (8): Undefined index: id in [C:\xampp\htdocs\logbook\app\plugins\olog\views\logs\index.ctp, line 88]
2011-05-18 10:40:47 Debug: Notice (8): Undefined index: total in [C:\xampp\htdocs\logbook\app\plugins\olog\olog_app_model.php, line 77]
2011-05-18 10:40:47 Debug: Notice (8): Undefined index: id in [C:\xampp\htdocs\logbook\app\plugins\olog\views\logs\index.ctp, line 73]
2011-05-18 10:40:47 Debug: Notice (8): Undefined index: createdDate in [C:\xampp\htdocs\logbook\app\plugins\olog\views\logs\index.ctp, line 74]
2011-05-18 10:40:47 Debug: Notice (8): Undefined index: version in [C:\xampp\htdocs\logbook\app\plugins\olog\views\logs\index.ctp, line 74]
2011-05-18 10:40:47 Debug: Notice (8): Undefined index: level in [C:\xampp\htdocs\logbook\app\plugins\olog\views\logs\index.ctp, line 76]
2011-05-18 10:40:47 Debug: Notice (8): Undefined index: subject in [C:\xampp\htdocs\logbook\app\plugins\olog\views\logs\index.ctp, line 78]
2011-05-18 10:40:47 Debug: Notice (8): Undefined index: description in [C:\xampp\htdocs\logbook\app\plugins\olog\views\logs\index.ctp, line 79]
2011-05-18 10:40:47 Debug: Notice (8): Undefined index: tags in [C:\xampp\htdocs\logbook\app\plugins\olog\views\logs\index.ctp, line 80]
2011-05-18 10:40:47 Debug: Notice (8): Undefined index: logbooks in [C:\xampp\htdocs\logbook\app\plugins\olog\views\logs\index.ctp, line 81]
2011-05-18 10:40:47 Debug: Notice (8): Undefined index: owner in [C:\xampp\htdocs\logbook\app\plugins\olog\views\logs\index.ctp, line 83]
2011-05-18 10:40:47 Debug: Notice (8): Undefined index: id in [C:\xampp\htdocs\logbook\app\plugins\olog\views\logs\index.ctp, line 86]
2011-05-18 10:40:47 Debug: Notice (8): Undefined index: id in [C:\xampp\htdocs\logbook\app\plugins\olog\views\logs\index.ctp, line 87]
2011-05-18 10:40:47 Debug: Notice (8): Undefined index: id in [C:\xampp\htdocs\logbook\app\plugins\olog\views\logs\index.ctp, line 88]
2011-05-18 10:41:15 Debug: Notice (8): Undefined index: total in [C:\xampp\htdocs\logbook\app\plugins\olog\olog_app_model.php, line 77]
2011-05-18 10:41:15 Debug: Notice (8): Undefined index: id in [C:\xampp\htdocs\logbook\app\plugins\olog\views\logs\index.ctp, line 74]
2011-05-18 10:41:15 Debug: Notice (8): Undefined index: createdDate in [C:\xampp\htdocs\logbook\app\plugins\olog\views\logs\index.ctp, line 75]
2011-05-18 10:41:15 Debug: Notice (8): Undefined index: version in [C:\xampp\htdocs\logbook\app\plugins\olog\views\logs\index.ctp, line 75]
2011-05-18 10:41:15 Debug: Notice (8): Undefined index: level in [C:\xampp\htdocs\logbook\app\plugins\olog\views\logs\index.ctp, line 77]
2011-05-18 10:41:15 Debug: Notice (8): Undefined index: subject in [C:\xampp\htdocs\logbook\app\plugins\olog\views\logs\index.ctp, line 79]
2011-05-18 10:41:15 Debug: Notice (8): Undefined index: description in [C:\xampp\htdocs\logbook\app\plugins\olog\views\logs\index.ctp, line 80]
2011-05-18 10:41:15 Debug: Notice (8): Undefined index: tags in [C:\xampp\htdocs\logbook\app\plugins\olog\views\logs\index.ctp, line 81]
2011-05-18 10:41:15 Debug: Notice (8): Undefined index: logbooks in [C:\xampp\htdocs\logbook\app\plugins\olog\views\logs\index.ctp, line 82]
2011-05-18 10:41:15 Debug: Notice (8): Undefined index: owner in [C:\xampp\htdocs\logbook\app\plugins\olog\views\logs\index.ctp, line 84]
2011-05-18 10:41:15 Debug: Notice (8): Undefined index: id in [C:\xampp\htdocs\logbook\app\plugins\olog\views\logs\index.ctp, line 87]
2011-05-18 10:41:15 Debug: Notice (8): Undefined index: id in [C:\xampp\htdocs\logbook\app\plugins\olog\views\logs\index.ctp, line 88]
2011-05-18 10:41:15 Debug: Notice (8): Undefined index: id in [C:\xampp\htdocs\logbook\app\plugins\olog\views\logs\index.ctp, line 89]
2011-05-18 10:41:32 Debug: Notice (8): Undefined index: total in [C:\xampp\htdocs\logbook\app\plugins\olog\olog_app_model.php, line 77]
2011-05-18 10:42:14 Debug: Notice (8): Undefined index: total in [C:\xampp\htdocs\logbook\app\plugins\olog\olog_app_model.php, line 77]
2011-05-18 10:42:50 Debug: Notice (8): Undefined index: total in [C:\xampp\htdocs\logbook\app\plugins\olog\olog_app_model.php, line 77]
2011-05-18 10:48:45 Debug: Notice (8): Undefined index: id in [C:\xampp\htdocs\logbook\app\plugins\olog\views\logs\index.ctp, line 74]
2011-05-18 10:48:46 Debug: Notice (8): Undefined index: createdDate in [C:\xampp\htdocs\logbook\app\plugins\olog\views\logs\index.ctp, line 75]
2011-05-18 10:48:46 Debug: Notice (8): Undefined index: version in [C:\xampp\htdocs\logbook\app\plugins\olog\views\logs\index.ctp, line 75]
2011-05-18 10:48:46 Debug: Notice (8): Undefined index: level in [C:\xampp\htdocs\logbook\app\plugins\olog\views\logs\index.ctp, line 77]
2011-05-18 10:48:47 Debug: Notice (8): Undefined index: subject in [C:\xampp\htdocs\logbook\app\plugins\olog\views\logs\index.ctp, line 79]
2011-05-18 10:48:47 Debug: Notice (8): Undefined index: description in [C:\xampp\htdocs\logbook\app\plugins\olog\views\logs\index.ctp, line 80]
2011-05-18 10:48:47 Debug: Notice (8): Undefined index: tags in [C:\xampp\htdocs\logbook\app\plugins\olog\views\logs\index.ctp, line 81]
2011-05-18 10:48:47 Debug: Notice (8): Undefined index: logbooks in [C:\xampp\htdocs\logbook\app\plugins\olog\views\logs\index.ctp, line 82]
2011-05-18 10:48:47 Debug: Notice (8): Undefined index: owner in [C:\xampp\htdocs\logbook\app\plugins\olog\views\logs\index.ctp, line 84]
2011-05-18 10:48:47 Debug: Notice (8): Undefined index: id in [C:\xampp\htdocs\logbook\app\plugins\olog\views\logs\index.ctp, line 87]
2011-05-18 10:48:47 Debug: Notice (8): Undefined index: id in [C:\xampp\htdocs\logbook\app\plugins\olog\views\logs\index.ctp, line 88]
2011-05-18 10:48:47 Debug: Notice (8): Undefined index: id in [C:\xampp\htdocs\logbook\app\plugins\olog\views\logs\index.ctp, line 89]
2011-05-18 10:49:55 Debug: Notice (8): Undefined index: log in [C:\xampp\htdocs\logbook\app\plugins\olog\views\logs\index.ctp, line 63]
2011-05-18 10:50:16 Debug: Notice (8): Undefined index: log in [C:\xampp\htdocs\logbook\app\plugins\olog\views\logs\index.ctp, line 64]
2011-05-18 10:53:12 Debug: Notice (8): Undefined index: log in [C:\xampp\htdocs\logbook\app\plugins\olog\views\logs\index.ctp, line 64]
2011-05-18 10:53:25 Debug: Notice (8): Undefined index: log in [C:\xampp\htdocs\logbook\app\plugins\olog\views\logs\index.ctp, line 64]
2011-05-18 10:53:38 Debug: Notice (8): Undefined index: log in [C:\xampp\htdocs\logbook\app\plugins\olog\views\logs\index.ctp, line 64]
2011-05-18 10:58:17 Debug: Notice (8): Undefined index: log in [C:\xampp\htdocs\logbook\app\plugins\olog\olog_app_model.php, line 77]
2011-05-18 10:58:17 Debug: Notice (8): Undefined index: log in [C:\xampp\htdocs\logbook\app\plugins\olog\views\logs\index.ctp, line 64]
2011-05-18 10:58:17 Debug: Notice (8): Undefined index: log in [C:\xampp\htdocs\logbook\app\plugins\olog\olog_app_model.php, line 77]
2011-05-18 10:58:17 Debug: Notice (8): Undefined index: log in [C:\xampp\htdocs\logbook\app\plugins\olog\views\logs\index.ctp, line 64]
2011-05-18 11:00:53 Debug: Notice (8): Undefined index: log in [C:\xampp\htdocs\logbook\app\plugins\olog\olog_app_model.php, line 77]
2011-05-18 11:00:53 Debug: Notice (8): Undefined index: log in [C:\xampp\htdocs\logbook\app\plugins\olog\views\logs\index.ctp, line 64]
2011-05-18 12:59:24 Debug: Notice (8): Undefined index: log in [C:\xampp\htdocs\logbook\app\plugins\olog\olog_app_model.php, line 78]
2011-05-18 12:59:24 Debug: Notice (8): Undefined index: log in [C:\xampp\htdocs\logbook\app\plugins\olog\views\logs\index.ctp, line 64]
2011-05-18 13:00:57 Debug: Notice (8): Undefined index: log in [C:\xampp\htdocs\logbook\app\plugins\olog\olog_app_model.php, line 78]
2011-05-18 13:00:57 Debug: Notice (8): Undefined index: log in [C:\xampp\htdocs\logbook\app\plugins\olog\views\logs\index.ctp, line 64]
2011-05-18 16:29:52 Debug: Notice (8): Undefined index: log in [C:\xampp\htdocs\logbook\app\plugins\olog\olog_app_model.php, line 78]
2011-05-18 16:29:52 Debug: Notice (8): Undefined index: log in [C:\xampp\htdocs\logbook\app\plugins\olog\views\logs\index.ctp, line 64]
2011-05-19 08:49:07 Debug: Notice (8): Undefined index: log in [C:\xampp\htdocs\logbook\app\plugins\olog\views\logs\index.ctp, line 64]
2011-05-19 09:25:44 Debug: Notice (8): Undefined property: Log::$User in [C:\xampp\htdocs\logbook\app\plugins\olog\controllers\logs_controller.php, line 100]
2011-05-19 09:33:16 Debug: Notice (8): Undefined property: Log::$ParentLog in [C:\xampp\htdocs\logbook\app\plugins\olog\controllers\logs_controller.php, line 100]
2011-05-19 09:38:27 Debug: Notice (8): Undefined property: Log::$Tag in [C:\xampp\htdocs\logbook\app\plugins\olog\controllers\logs_controller.php, line 102]
2011-05-19 09:51:46 Debug: Notice (8): Undefined index: Tags in [C:\xampp\htdocs\logbook\app\plugins\olog\models\tag.php, line 125]
2011-05-19 09:51:46 Debug: Notice (8): Undefined index: order in [C:\xampp\htdocs\logbook\cake\libs\model\model.php, line 2100]
2011-05-19 09:51:46 Debug: Notice (8): Undefined index: order in [C:\xampp\htdocs\logbook\cake\libs\model\model.php, line 2103]
2011-05-19 09:51:46 Debug: Notice (8): Undefined index: callbacks in [C:\xampp\htdocs\logbook\cake\libs\model\model.php, line 2105]
2011-05-19 09:51:46 Debug: Notice (8): Undefined index: conditions in [C:\xampp\htdocs\logbook\app\plugins\olog\models\datasources\olog_source.php, line 51]
2011-05-19 09:51:46 Debug: Notice (8): Undefined index: conditions in [C:\xampp\htdocs\logbook\app\plugins\olog\models\datasources\olog_source.php, line 54]
2011-05-19 09:52:00 Debug: Notice (8): Undefined index: callbacks in [C:\xampp\htdocs\logbook\cake\libs\model\model.php, line 2130]
2011-05-19 09:52:00 Debug: Notice (8): Undefined index: Logbooks in [C:\xampp\htdocs\logbook\app\plugins\olog\models\logbook.php, line 125]
2011-05-19 09:52:44 Debug: Notice (8): Undefined index: tags in [C:\xampp\htdocs\logbook\app\plugins\olog\models\tag.php, line 125]
2011-05-19 09:52:44 Debug: Notice (8): Undefined index: order in [C:\xampp\htdocs\logbook\cake\libs\model\model.php, line 2100]
2011-05-19 09:52:44 Debug: Notice (8): Undefined index: order in [C:\xampp\htdocs\logbook\cake\libs\model\model.php, line 2103]
2011-05-19 09:52:44 Debug: Notice (8): Undefined index: callbacks in [C:\xampp\htdocs\logbook\cake\libs\model\model.php, line 2105]
2011-05-19 09:52:44 Debug: Notice (8): Undefined index: conditions in [C:\xampp\htdocs\logbook\app\plugins\olog\models\datasources\olog_source.php, line 51]
2011-05-19 09:52:44 Debug: Notice (8): Undefined index: conditions in [C:\xampp\htdocs\logbook\app\plugins\olog\models\datasources\olog_source.php, line 54]
2011-05-19 09:52:44 Debug: Notice (8): Undefined index: callbacks in [C:\xampp\htdocs\logbook\cake\libs\model\model.php, line 2130]
2011-05-19 09:52:44 Debug: Notice (8): Undefined index: logbooks in [C:\xampp\htdocs\logbook\app\plugins\olog\models\logbook.php, line 125]
2011-05-19 09:52:50 Debug: Notice (8): Undefined index: tags in [C:\xampp\htdocs\logbook\app\plugins\olog\models\tag.php, line 125]
2011-05-19 09:52:50 Debug: Notice (8): Undefined index: order in [C:\xampp\htdocs\logbook\cake\libs\model\model.php, line 2100]
2011-05-19 09:52:50 Debug: Notice (8): Undefined index: order in [C:\xampp\htdocs\logbook\cake\libs\model\model.php, line 2103]
2011-05-19 09:52:50 Debug: Notice (8): Undefined index: callbacks in [C:\xampp\htdocs\logbook\cake\libs\model\model.php, line 2105]
2011-05-19 09:52:50 Debug: Notice (8): Undefined index: conditions in [C:\xampp\htdocs\logbook\app\plugins\olog\models\datasources\olog_source.php, line 51]
2011-05-19 09:52:50 Debug: Notice (8): Undefined index: conditions in [C:\xampp\htdocs\logbook\app\plugins\olog\models\datasources\olog_source.php, line 54]
2011-05-19 09:52:50 Debug: Notice (8): Undefined index: callbacks in [C:\xampp\htdocs\logbook\cake\libs\model\model.php, line 2130]
2011-05-19 09:52:50 Debug: Notice (8): Undefined index: logbooks in [C:\xampp\htdocs\logbook\app\plugins\olog\models\logbook.php, line 125]
2011-05-19 09:52:59 Debug: Notice (8): Undefined index: tags in [C:\xampp\htdocs\logbook\app\plugins\olog\models\tag.php, line 125]
2011-05-19 09:52:59 Debug: Notice (8): Undefined index: order in [C:\xampp\htdocs\logbook\cake\libs\model\model.php, line 2100]
2011-05-19 09:52:59 Debug: Notice (8): Undefined index: order in [C:\xampp\htdocs\logbook\cake\libs\model\model.php, line 2103]
2011-05-19 09:52:59 Debug: Notice (8): Undefined index: callbacks in [C:\xampp\htdocs\logbook\cake\libs\model\model.php, line 2105]
2011-05-19 09:52:59 Debug: Notice (8): Undefined index: conditions in [C:\xampp\htdocs\logbook\app\plugins\olog\models\datasources\olog_source.php, line 51]
2011-05-19 09:52:59 Debug: Notice (8): Undefined index: conditions in [C:\xampp\htdocs\logbook\app\plugins\olog\models\datasources\olog_source.php, line 54]
2011-05-19 09:52:59 Debug: Notice (8): Undefined index: callbacks in [C:\xampp\htdocs\logbook\cake\libs\model\model.php, line 2130]
2011-05-19 09:52:59 Debug: Notice (8): Undefined index: logbooks in [C:\xampp\htdocs\logbook\app\plugins\olog\models\logbook.php, line 125]
2011-05-19 10:00:19 Debug: Notice (8): Undefined index: log in [C:\xampp\htdocs\logbook\app\plugins\olog\models\logbook.php, line 129]
2011-05-19 10:00:19 Debug: Notice (8): Undefined variable: listform in [C:\xampp\htdocs\logbook\app\plugins\olog\models\logbook.php, line 133]
2011-05-19 10:16:00 Debug: Notice (8): Undefined variable: data in [C:\xampp\htdocs\logbook\app\plugins\olog\controllers\logs_controller.php, line 81]
2011-05-19 10:16:00 Debug: Notice (8): Undefined property: LogsController::$FileUpload in [C:\xampp\htdocs\logbook\app\plugins\olog\controllers\logs_controller.php, line 471]
2011-05-19 10:16:00 Debug: Notice (8): Trying to get property of non-object in [C:\xampp\htdocs\logbook\app\plugins\olog\controllers\logs_controller.php, line 471]
2011-05-19 10:17:20 Debug: Notice (8): Undefined variable: data in [C:\xampp\htdocs\logbook\app\plugins\olog\controllers\logs_controller.php, line 81]
2011-05-19 10:17:20 Debug: Notice (8): Undefined property: LogsController::$FileUpload in [C:\xampp\htdocs\logbook\app\plugins\olog\controllers\logs_controller.php, line 471]
2011-05-19 10:17:20 Debug: Notice (8): Trying to get property of non-object in [C:\xampp\htdocs\logbook\app\plugins\olog\controllers\logs_controller.php, line 471]
2011-05-19 10:18:00 Debug: Notice (8): Undefined property: LogsController::$FileUpload in [C:\xampp\htdocs\logbook\app\plugins\olog\controllers\logs_controller.php, line 471]
2011-05-19 10:18:00 Debug: Notice (8): Trying to get property of non-object in [C:\xampp\htdocs\logbook\app\plugins\olog\controllers\logs_controller.php, line 471]
2011-05-19 11:14:57 Debug: Notice (8): Undefined index: log in [C:\xampp\htdocs\logbook\app\plugins\olog\views\logs\index.ctp, line 64]
2011-05-19 11:15:28 Debug: Notice (8): Undefined index: log in [C:\xampp\htdocs\logbook\app\plugins\olog\views\logs\index.ctp, line 64]
2011-05-19 11:23:10 Debug: Notice (8): Undefined index: log in [C:\xampp\htdocs\logbook\app\plugins\olog\views\logs\index.ctp, line 64]
2011-05-19 14:12:47 Debug: Notice (8): Undefined property: OlogSource::$columns in [C:\xampp\htdocs\logbook\cake\libs\model\model.php, line 1265]
2011-05-19 14:12:47 Debug: Notice (8): Undefined index: id in [C:\xampp\htdocs\logbook\cake\libs\model\model.php, line 1328]
2011-05-19 14:19:52 Debug: Notice (8): Undefined variable: db in [C:\xampp\htdocs\logbook\app\plugins\olog\models\log.php, line 102]
2011-05-19 14:21:23 Debug: Notice (8): Undefined variable: fields in [C:\xampp\htdocs\logbook\app\plugins\olog\models\log.php, line 103]
2011-05-19 14:21:23 Debug: Notice (8): Undefined variable: values in [C:\xampp\htdocs\logbook\app\plugins\olog\models\log.php, line 103]
2011-05-19 14:28:17 Debug: Notice (8): Undefined index: file in [C:\xampp\htdocs\logbook\app\plugins\olog\controllers\logs_controller.php, line 77]
2011-05-19 14:28:17 Debug: Notice (8): Undefined index: line in [C:\xampp\htdocs\logbook\app\plugins\olog\controllers\logs_controller.php, line 77]
2011-05-19 14:40:12 Debug: Notice (8): Undefined index: order in [C:\xampp\htdocs\logbook\cake\libs\model\model.php, line 2098]
2011-05-19 14:40:12 Debug: Notice (8): Undefined index: order in [C:\xampp\htdocs\logbook\cake\libs\model\model.php, line 2101]
2011-05-19 14:40:12 Debug: Notice (8): Undefined index: callbacks in [C:\xampp\htdocs\logbook\cake\libs\model\model.php, line 2103]
2011-05-19 14:40:12 Debug: Notice (8): Undefined index: conditions in [C:\xampp\htdocs\logbook\app\plugins\olog\models\datasources\olog_source.php, line 105]
2011-05-19 14:40:12 Debug: Notice (8): Undefined index: conditions in [C:\xampp\htdocs\logbook\app\plugins\olog\models\datasources\olog_source.php, line 108]
2011-05-19 14:40:12 Debug: Notice (8): Undefined index: callbacks in [C:\xampp\htdocs\logbook\cake\libs\model\model.php, line 2128]
2011-05-19 15:05:57 Debug: Notice (8): Undefined variable: fields in [C:\xampp\htdocs\logbook\app\plugins\olog\models\log.php, line 103]
2011-05-19 15:05:57 Debug: Notice (8): Undefined variable: values in [C:\xampp\htdocs\logbook\app\plugins\olog\models\log.php, line 103]
2011-05-19 15:08:15 Debug: Notice (8): Undefined variable: fields in [C:\xampp\htdocs\logbook\app\plugins\olog\models\log.php, line 105]
2011-05-19 15:08:15 Debug: Notice (8): Undefined variable: values in [C:\xampp\htdocs\logbook\app\plugins\olog\models\log.php, line 105]
2011-05-19 16:07:37 Debug: Notice (8): Undefined property: OlogSource::$Xml in [C:\xampp\htdocs\logbook\app\plugins\olog\models\datasources\olog_source.php, line 45]
2011-05-19 16:08:14 Debug: Notice (8): Undefined property: OlogSource::$Xml in [C:\xampp\htdocs\logbook\app\plugins\olog\models\datasources\olog_source.php, line 45]
2011-05-19 16:14:07 Debug: Notice (8): Undefined property: OlogSource::$Xml in [C:\xampp\htdocs\logbook\app\plugins\olog\models\datasources\olog_source.php, line 46]
2011-05-19 16:14:31 Debug: Notice (8): Undefined property: OlogSource::$Xml in [C:\xampp\htdocs\logbook\app\plugins\olog\models\datasources\olog_source.php, line 46]
2011-05-19 16:14:53 Debug: Notice (8): Undefined property: OlogSource::$Xml in [C:\xampp\htdocs\logbook\app\plugins\olog\models\datasources\olog_source.php, line 46]
2011-05-19 16:30:33 Debug: Notice (8): Undefined variable: config in [C:\xampp\htdocs\logbook\app\plugins\rest\models\datasources\rest_source.php, line 33]
2011-05-19 16:31:19 Debug: Notice (8): Undefined variable: config in [C:\xampp\htdocs\logbook\app\plugins\rest\models\datasources\rest_source.php, line 33]
2011-05-19 16:31:20 Debug: Notice (8): Undefined index: Content-Type in [C:\xampp\htdocs\logbook\app\plugins\rest\models\datasources\rest_source.php, line 114]
2011-05-20 08:30:23 Debug: Notice (8): Undefined property: LogsController::$RequestHandler in [C:\xampp\htdocs\logbook\app\plugins\olog\controllers\logs_controller.php, line 197]
2011-05-20 08:30:57 Debug: Notice (8): Undefined offset: 0 in [C:\xampp\htdocs\logbook\app\plugins\olog\models\datasources\olog_source.php, line 115]
2011-05-20 08:30:57 Debug: Notice (8): Undefined index:  in [C:\xampp\htdocs\logbook\app\plugins\olog\models\datasources\olog_source.php, line 115]
