2011-05-16 15:09:40 Warning: Warning (512): Controller::paginate() - can't find model Log in controller LogsController in [C:\xampp\htdocs\logbook\cake\libs\controller\controller.php, line 1102]
2011-05-16 15:12:14 Warning: Warning (512): Controller::paginate() - can't find model Log in controller LogsController in [C:\xampp\htdocs\logbook\cake\libs\controller\controller.php, line 1102]
2011-05-16 15:12:15 Warning: Warning (512): Controller::paginate() - can't find model Log in controller LogsController in [C:\xampp\htdocs\logbook\cake\libs\controller\controller.php, line 1102]
2011-05-16 15:12:34 Warning: Warning (512): Controller::paginate() - can't find model Log in controller LogsController in [C:\xampp\htdocs\logbook\cake\libs\controller\controller.php, line 1102]
2011-05-16 15:12:35 Warning: Warning (512): Controller::paginate() - can't find model Log in controller LogsController in [C:\xampp\htdocs\logbook\cake\libs\controller\controller.php, line 1102]
2011-05-16 16:11:41 Warning: Warning (512): Controller::paginate() - can't find model Log in controller LogsController in [C:\xampp\htdocs\logbook\cake\libs\controller\controller.php, line 1102]
2011-05-16 16:12:30 Warning: Warning (512): Controller::paginate() - can't find model Log in controller LogsController in [C:\xampp\htdocs\logbook\cake\libs\controller\controller.php, line 1102]
2011-05-16 16:32:12 Warning: Warning (512): Controller::paginate() - can't find model Log in controller LogsController in [C:\xampp\htdocs\logbook\cake\libs\controller\controller.php, line 1102]
2011-05-17 08:20:17 Warning: Warning (512): Controller::paginate() - can't find model Log in controller LogsController in [C:\xampp\htdocs\logbook\cake\libs\controller\controller.php, line 1102]
2011-05-17 08:20:42 Warning: Warning (512): Controller::paginate() - can't find model Log in controller LogsController in [C:\xampp\htdocs\logbook\cake\libs\controller\controller.php, line 1102]
2011-05-17 11:13:57 Error: Fatal Error (256): ConnectionManager::getDataSource - Non-existent data source Olog in [C:\xampp\htdocs\logbook\cake\libs\model\connection_manager.php, line 102]
2011-05-17 11:14:05 Error: Fatal Error (256): ConnectionManager::getDataSource - Non-existent data source Olog in [C:\xampp\htdocs\logbook\cake\libs\model\connection_manager.php, line 102]
2011-05-17 11:18:16 Error: Fatal Error (256): ConnectionManager::getDataSource - Non-existent data source Olog in [C:\xampp\htdocs\logbook\cake\libs\model\connection_manager.php, line 102]
2011-05-17 11:18:18 Error: Fatal Error (256): ConnectionManager::getDataSource - Non-existent data source Olog in [C:\xampp\htdocs\logbook\cake\libs\model\connection_manager.php, line 102]
2011-05-17 11:19:42 Error: Fatal Error (256): ConnectionManager::getDataSource - Non-existent data source Olog in [C:\xampp\htdocs\logbook\cake\libs\model\connection_manager.php, line 102]
2011-05-17 11:19:43 Error: Fatal Error (256): ConnectionManager::getDataSource - Non-existent data source Olog in [C:\xampp\htdocs\logbook\cake\libs\model\connection_manager.php, line 102]
2011-05-17 11:20:53 Error: Fatal Error (256): ConnectionManager::getDataSource - Non-existent data source Olog in [C:\xampp\htdocs\logbook\cake\libs\model\connection_manager.php, line 102]
2011-05-17 11:20:55 Error: Fatal Error (256): ConnectionManager::getDataSource - Non-existent data source Olog in [C:\xampp\htdocs\logbook\cake\libs\model\connection_manager.php, line 102]
2011-05-17 11:21:04 Error: Fatal Error (256): ConnectionManager::getDataSource - Non-existent data source Olog in [C:\xampp\htdocs\logbook\cake\libs\model\connection_manager.php, line 102]
2011-05-17 11:21:05 Error: Fatal Error (256): ConnectionManager::getDataSource - Non-existent data source Olog in [C:\xampp\htdocs\logbook\cake\libs\model\connection_manager.php, line 102]
2011-05-17 11:21:05 Error: Fatal Error (256): ConnectionManager::getDataSource - Non-existent data source Olog in [C:\xampp\htdocs\logbook\cake\libs\model\connection_manager.php, line 102]
2011-05-17 11:21:09 Error: Fatal Error (256): ConnectionManager::getDataSource - Non-existent data source Olog in [C:\xampp\htdocs\logbook\cake\libs\model\connection_manager.php, line 102]
2011-05-17 11:38:14 Error: Fatal Error (256): ConnectionManager::getDataSource - Non-existent data source Olog in [C:\xampp\htdocs\logbook\cake\libs\model\connection_manager.php, line 102]
2011-05-17 11:38:28 Error: Fatal Error (256): ConnectionManager::getDataSource - Non-existent data source Olog in [C:\xampp\htdocs\logbook\cake\libs\model\connection_manager.php, line 102]
2011-05-17 11:38:30 Error: Fatal Error (256): ConnectionManager::getDataSource - Non-existent data source Olog in [C:\xampp\htdocs\logbook\cake\libs\model\connection_manager.php, line 102]
2011-05-17 11:38:40 Error: Fatal Error (256): ConnectionManager::getDataSource - Non-existent data source Olog in [C:\xampp\htdocs\logbook\cake\libs\model\connection_manager.php, line 102]
2011-05-17 11:38:40 Error: Fatal Error (256): ConnectionManager::getDataSource - Non-existent data source Olog in [C:\xampp\htdocs\logbook\cake\libs\model\connection_manager.php, line 102]
2011-05-17 11:38:52 Error: Fatal Error (256): ConnectionManager::getDataSource - Non-existent data source Olog in [C:\xampp\htdocs\logbook\cake\libs\model\connection_manager.php, line 102]
2011-05-17 11:38:53 Error: Fatal Error (256): ConnectionManager::getDataSource - Non-existent data source Olog in [C:\xampp\htdocs\logbook\cake\libs\model\connection_manager.php, line 102]
2011-05-17 11:39:01 Error: Fatal Error (256): ConnectionManager::getDataSource - Non-existent data source Olog in [C:\xampp\htdocs\logbook\cake\libs\model\connection_manager.php, line 102]
2011-05-17 11:39:02 Error: Fatal Error (256): ConnectionManager::getDataSource - Non-existent data source Olog in [C:\xampp\htdocs\logbook\cake\libs\model\connection_manager.php, line 102]
2011-05-17 11:39:04 Error: Fatal Error (256): ConnectionManager::getDataSource - Non-existent data source Olog in [C:\xampp\htdocs\logbook\cake\libs\model\connection_manager.php, line 102]
2011-05-17 11:39:05 Error: Fatal Error (256): ConnectionManager::getDataSource - Non-existent data source Olog in [C:\xampp\htdocs\logbook\cake\libs\model\connection_manager.php, line 102]
2011-05-17 11:40:46 Error: Fatal Error (256): ConnectionManager::getDataSource - Non-existent data source Olog in [C:\xampp\htdocs\logbook\cake\libs\model\connection_manager.php, line 102]
2011-05-17 11:42:20 Error: Fatal Error (256): ConnectionManager::getDataSource - Non-existent data source olog in [C:\xampp\htdocs\logbook\cake\libs\model\connection_manager.php, line 102]
2011-05-17 11:42:22 Error: Fatal Error (256): ConnectionManager::getDataSource - Non-existent data source olog in [C:\xampp\htdocs\logbook\cake\libs\model\connection_manager.php, line 102]
2011-05-17 11:42:23 Error: Fatal Error (256): ConnectionManager::getDataSource - Non-existent data source olog in [C:\xampp\htdocs\logbook\cake\libs\model\connection_manager.php, line 102]
2011-05-17 11:46:38 Error: Fatal Error (256): ConnectionManager::getDataSource - Non-existent data source olog in [C:\xampp\htdocs\logbook\cake\libs\model\connection_manager.php, line 102]
2011-05-17 11:46:39 Error: Fatal Error (256): ConnectionManager::getDataSource - Non-existent data source olog in [C:\xampp\htdocs\logbook\cake\libs\model\connection_manager.php, line 102]
2011-05-17 11:46:40 Error: Fatal Error (256): ConnectionManager::getDataSource - Non-existent data source olog in [C:\xampp\htdocs\logbook\cake\libs\model\connection_manager.php, line 102]
2011-05-17 11:47:06 Error: Fatal Error (256): ConnectionManager::getDataSource - Non-existent data source ologl in [C:\xampp\htdocs\logbook\cake\libs\model\connection_manager.php, line 102]
2011-05-17 11:47:19 Error: Fatal Error (256): ConnectionManager::getDataSource - Non-existent data source ologl in [C:\xampp\htdocs\logbook\cake\libs\model\connection_manager.php, line 102]
2011-05-17 11:47:20 Error: Fatal Error (256): ConnectionManager::getDataSource - Non-existent data source ologl in [C:\xampp\htdocs\logbook\cake\libs\model\connection_manager.php, line 102]
2011-05-17 12:45:10 Warning: Warning (2): array_merge() [<a href='http://php.net/function.array-merge'>function.array-merge</a>]: Argument #2 is not an array in [C:\xampp\htdocs\logbook\app\plugins\olog\models\datasources\olog_source.php, line 51]
2011-05-17 12:46:10 Warning: Warning (2): array_merge() [<a href='http://php.net/function.array-merge'>function.array-merge</a>]: Argument #2 is not an array in [C:\xampp\htdocs\logbook\app\plugins\olog\models\datasources\olog_source.php, line 51]
2011-05-17 13:47:45 Warning: Warning (2): session_destroy() [<a href='http://php.net/function.session-destroy'>function.session-destroy</a>]: Session object destruction failed in [C:\xampp\htdocs\logbook\cake\libs\cake_session.php, line 458]
2011-05-17 17:22:19 Warning: Warning (2): array_key_exists() expects parameter 2 to be array, null given in [C:\xampp\htdocs\logbook\cake\libs\model\model.php, line 2070]
2011-05-17 17:22:31 Warning: Warning (2): array_key_exists() expects parameter 2 to be array, null given in [C:\xampp\htdocs\logbook\cake\libs\model\model.php, line 2070]
2011-05-17 17:22:32 Warning: Warning (2): array_key_exists() expects parameter 2 to be array, null given in [C:\xampp\htdocs\logbook\cake\libs\model\model.php, line 2070]
2011-05-17 17:22:33 Warning: Warning (2): array_key_exists() expects parameter 2 to be array, null given in [C:\xampp\htdocs\logbook\cake\libs\model\model.php, line 2070]
2011-05-17 17:22:34 Warning: Warning (2): array_key_exists() expects parameter 2 to be array, null given in [C:\xampp\htdocs\logbook\cake\libs\model\model.php, line 2070]
2011-05-18 09:39:18 Warning: Warning (2): Invalid argument supplied for foreach() in [C:\xampp\htdocs\logbook\app\plugins\olog\views\logs\index.ctp, line 62]
2011-05-18 09:39:48 Warning: Warning (2): Invalid argument supplied for foreach() in [C:\xampp\htdocs\logbook\app\plugins\olog\views\logs\index.ctp, line 62]
2011-05-18 09:42:47 Warning: Warning (2): Invalid argument supplied for foreach() in [C:\xampp\htdocs\logbook\app\plugins\olog\views\logs\index.ctp, line 63]
2011-05-18 09:43:50 Warning: Warning (2): Invalid argument supplied for foreach() in [C:\xampp\htdocs\logbook\app\plugins\olog\views\logs\index.ctp, line 62]
2011-05-18 09:44:06 Warning: Warning (2): Invalid argument supplied for foreach() in [C:\xampp\htdocs\logbook\app\plugins\olog\views\logs\index.ctp, line 62]
2011-05-18 09:44:22 Warning: Warning (2): Invalid argument supplied for foreach() in [C:\xampp\htdocs\logbook\app\plugins\olog\views\logs\index.ctp, line 62]
2011-05-18 09:57:05 Warning: Warning (2): Invalid argument supplied for foreach() in [C:\xampp\htdocs\logbook\app\plugins\olog\views\logs\index.ctp, line 62]
2011-05-18 09:57:08 Warning: Warning (2): Invalid argument supplied for foreach() in [C:\xampp\htdocs\logbook\app\plugins\olog\views\logs\index.ctp, line 62]
2011-05-18 09:57:55 Warning: Warning (2): Invalid argument supplied for foreach() in [C:\xampp\htdocs\logbook\app\plugins\olog\views\logs\index.ctp, line 76]
2011-05-18 09:58:50 Warning: Warning (2): Invalid argument supplied for foreach() in [C:\xampp\htdocs\logbook\app\plugins\olog\views\logs\index.ctp, line 77]
2011-05-18 09:59:52 Warning: Warning (2): Invalid argument supplied for foreach() in [C:\xampp\htdocs\logbook\app\plugins\olog\views\logs\index.ctp, line 77]
2011-05-18 10:00:16 Warning: Warning (2): Invalid argument supplied for foreach() in [C:\xampp\htdocs\logbook\app\plugins\olog\views\logs\index.ctp, line 77]
2011-05-18 10:00:16 Warning: Warning (2): Invalid argument supplied for foreach() in [C:\xampp\htdocs\logbook\app\plugins\olog\views\logs\index.ctp, line 77]
2011-05-18 10:00:37 Warning: Warning (2): Invalid argument supplied for foreach() in [C:\xampp\htdocs\logbook\app\plugins\olog\views\logs\index.ctp, line 77]
2011-05-18 10:00:37 Warning: Warning (2): Invalid argument supplied for foreach() in [C:\xampp\htdocs\logbook\app\plugins\olog\views\logs\index.ctp, line 77]
2011-05-18 10:01:58 Warning: Warning (2): Invalid argument supplied for foreach() in [C:\xampp\htdocs\logbook\app\plugins\olog\views\logs\index.ctp, line 76]
2011-05-18 10:02:12 Warning: Warning (2): Invalid argument supplied for foreach() in [C:\xampp\htdocs\logbook\app\plugins\olog\views\logs\index.ctp, line 76]
2011-05-18 10:05:07 Warning: Warning (2): Invalid argument supplied for foreach() in [C:\xampp\htdocs\logbook\app\plugins\olog\views\logs\index.ctp, line 76]
2011-05-18 10:05:07 Warning: Warning (2): Invalid argument supplied for foreach() in [C:\xampp\htdocs\logbook\app\plugins\olog\views\logs\index.ctp, line 76]
2011-05-18 10:07:31 Warning: Warning (2): Invalid argument supplied for foreach() in [C:\xampp\htdocs\logbook\app\plugins\olog\views\logs\index.ctp, line 78]
2011-05-18 10:07:54 Warning: Warning (2): Invalid argument supplied for foreach() in [C:\xampp\htdocs\logbook\app\plugins\olog\views\logs\index.ctp, line 78]
2011-05-18 10:09:06 Warning: Warning (2): Invalid argument supplied for foreach() in [C:\xampp\htdocs\logbook\app\plugins\olog\views\logs\index.ctp, line 79]
2011-05-18 10:10:13 Warning: Warning (2): Invalid argument supplied for foreach() in [C:\xampp\htdocs\logbook\app\plugins\olog\views\logs\index.ctp, line 79]
2011-05-18 10:21:21 Warning: Warning (2): Invalid argument supplied for foreach() in [C:\xampp\htdocs\logbook\app\plugins\olog\views\logs\index.ctp, line 63]
2011-05-18 10:22:08 Warning: Warning (2): Invalid argument supplied for foreach() in [C:\xampp\htdocs\logbook\app\plugins\olog\views\logs\index.ctp, line 63]
2011-05-18 10:22:08 Warning: Warning (2): Invalid argument supplied for foreach() in [C:\xampp\htdocs\logbook\app\plugins\olog\views\logs\index.ctp, line 63]
2011-05-18 10:22:12 Warning: Warning (2): Invalid argument supplied for foreach() in [C:\xampp\htdocs\logbook\app\plugins\olog\views\logs\index.ctp, line 63]
2011-05-18 10:23:03 Warning: Warning (2): Invalid argument supplied for foreach() in [C:\xampp\htdocs\logbook\app\plugins\olog\views\logs\index.ctp, line 84]
2011-05-18 10:23:03 Warning: Warning (2): Invalid argument supplied for foreach() in [C:\xampp\htdocs\logbook\app\plugins\olog\views\logs\index.ctp, line 85]
2011-05-18 10:23:26 Warning: Warning (2): Invalid argument supplied for foreach() in [C:\xampp\htdocs\logbook\app\plugins\olog\views\logs\index.ctp, line 63]
2011-05-18 10:27:35 Warning: Warning (2): Invalid argument supplied for foreach() in [C:\xampp\htdocs\logbook\app\plugins\olog\views\logs\index.ctp, line 84]
2011-05-18 10:27:35 Warning: Warning (2): Invalid argument supplied for foreach() in [C:\xampp\htdocs\logbook\app\plugins\olog\views\logs\index.ctp, line 85]
2011-05-18 10:28:21 Warning: Warning (2): Invalid argument supplied for foreach() in [C:\xampp\htdocs\logbook\app\plugins\olog\views\logs\index.ctp, line 84]
2011-05-18 10:28:21 Warning: Warning (2): Invalid argument supplied for foreach() in [C:\xampp\htdocs\logbook\app\plugins\olog\views\logs\index.ctp, line 85]
2011-05-18 10:28:21 Warning: Warning (2): Invalid argument supplied for foreach() in [C:\xampp\htdocs\logbook\app\plugins\olog\views\logs\index.ctp, line 84]
2011-05-18 10:28:21 Warning: Warning (2): Invalid argument supplied for foreach() in [C:\xampp\htdocs\logbook\app\plugins\olog\views\logs\index.ctp, line 85]
2011-05-18 10:32:43 Warning: Warning (2): Invalid argument supplied for foreach() in [C:\xampp\htdocs\logbook\app\plugins\olog\views\logs\index.ctp, line 80]
2011-05-18 10:32:43 Warning: Warning (2): Invalid argument supplied for foreach() in [C:\xampp\htdocs\logbook\app\plugins\olog\views\logs\index.ctp, line 81]
2011-05-18 10:32:43 Warning: Warning (2): Invalid argument supplied for foreach() in [C:\xampp\htdocs\logbook\app\plugins\olog\views\logs\index.ctp, line 80]
2011-05-18 10:32:43 Warning: Warning (2): Invalid argument supplied for foreach() in [C:\xampp\htdocs\logbook\app\plugins\olog\views\logs\index.ctp, line 81]
2011-05-18 10:32:48 Warning: Warning (2): Invalid argument supplied for foreach() in [C:\xampp\htdocs\logbook\app\plugins\olog\views\logs\index.ctp, line 80]
2011-05-18 10:32:48 Warning: Warning (2): Invalid argument supplied for foreach() in [C:\xampp\htdocs\logbook\app\plugins\olog\views\logs\index.ctp, line 81]
2011-05-18 10:32:48 Warning: Warning (2): Invalid argument supplied for foreach() in [C:\xampp\htdocs\logbook\app\plugins\olog\views\logs\index.ctp, line 80]
2011-05-18 10:32:48 Warning: Warning (2): Invalid argument supplied for foreach() in [C:\xampp\htdocs\logbook\app\plugins\olog\views\logs\index.ctp, line 81]
2011-05-18 10:35:35 Warning: Warning (2): Invalid argument supplied for foreach() in [C:\xampp\htdocs\logbook\app\plugins\olog\views\logs\index.ctp, line 63]
2011-05-18 10:35:47 Warning: Warning (2): Invalid argument supplied for foreach() in [C:\xampp\htdocs\logbook\app\plugins\olog\views\logs\index.ctp, line 63]
2011-05-18 10:38:00 Warning: Warning (2): Invalid argument supplied for foreach() in [C:\xampp\htdocs\logbook\app\plugins\olog\views\logs\index.ctp, line 81]
2011-05-18 10:38:00 Warning: Warning (2): Invalid argument supplied for foreach() in [C:\xampp\htdocs\logbook\app\plugins\olog\views\logs\index.ctp, line 82]
2011-05-18 10:38:22 Warning: Warning (2): Invalid argument supplied for foreach() in [C:\xampp\htdocs\logbook\app\plugins\olog\views\logs\index.ctp, line 81]
2011-05-18 10:38:22 Warning: Warning (2): Invalid argument supplied for foreach() in [C:\xampp\htdocs\logbook\app\plugins\olog\views\logs\index.ctp, line 82]
2011-05-18 10:38:38 Warning: Warning (2): Invalid argument supplied for foreach() in [C:\xampp\htdocs\logbook\app\plugins\olog\views\logs\index.ctp, line 81]
2011-05-18 10:38:38 Warning: Warning (2): Invalid argument supplied for foreach() in [C:\xampp\htdocs\logbook\app\plugins\olog\views\logs\index.ctp, line 82]
2011-05-18 10:39:35 Warning: Warning (2): Invalid argument supplied for foreach() in [C:\xampp\htdocs\logbook\app\plugins\olog\views\logs\index.ctp, line 81]
2011-05-18 10:39:35 Warning: Warning (2): Invalid argument supplied for foreach() in [C:\xampp\htdocs\logbook\app\plugins\olog\views\logs\index.ctp, line 82]
2011-05-18 10:39:52 Warning: Warning (2): Invalid argument supplied for foreach() in [C:\xampp\htdocs\logbook\app\plugins\olog\views\logs\index.ctp, line 81]
2011-05-18 10:39:52 Warning: Warning (2): Invalid argument supplied for foreach() in [C:\xampp\htdocs\logbook\app\plugins\olog\views\logs\index.ctp, line 82]
2011-05-18 10:40:02 Warning: Warning (2): Invalid argument supplied for foreach() in [C:\xampp\htdocs\logbook\app\plugins\olog\views\logs\index.ctp, line 81]
2011-05-18 10:40:02 Warning: Warning (2): Invalid argument supplied for foreach() in [C:\xampp\htdocs\logbook\app\plugins\olog\views\logs\index.ctp, line 82]
2011-05-18 10:40:35 Warning: Warning (2): Invalid argument supplied for foreach() in [C:\xampp\htdocs\logbook\app\plugins\olog\views\logs\index.ctp, line 80]
2011-05-18 10:40:35 Warning: Warning (2): Invalid argument supplied for foreach() in [C:\xampp\htdocs\logbook\app\plugins\olog\views\logs\index.ctp, line 81]
2011-05-18 10:40:47 Warning: Warning (2): Invalid argument supplied for foreach() in [C:\xampp\htdocs\logbook\app\plugins\olog\views\logs\index.ctp, line 80]
2011-05-18 10:40:47 Warning: Warning (2): Invalid argument supplied for foreach() in [C:\xampp\htdocs\logbook\app\plugins\olog\views\logs\index.ctp, line 81]
2011-05-18 10:41:15 Warning: Warning (2): Invalid argument supplied for foreach() in [C:\xampp\htdocs\logbook\app\plugins\olog\views\logs\index.ctp, line 81]
2011-05-18 10:41:15 Warning: Warning (2): Invalid argument supplied for foreach() in [C:\xampp\htdocs\logbook\app\plugins\olog\views\logs\index.ctp, line 82]
2011-05-18 10:48:47 Warning: Warning (2): Invalid argument supplied for foreach() in [C:\xampp\htdocs\logbook\app\plugins\olog\views\logs\index.ctp, line 81]
2011-05-18 10:48:47 Warning: Warning (2): Invalid argument supplied for foreach() in [C:\xampp\htdocs\logbook\app\plugins\olog\views\logs\index.ctp, line 82]
2011-05-18 10:49:55 Warning: Warning (2): Invalid argument supplied for foreach() in [C:\xampp\htdocs\logbook\app\plugins\olog\views\logs\index.ctp, line 63]
2011-05-18 10:50:16 Warning: Warning (2): Invalid argument supplied for foreach() in [C:\xampp\htdocs\logbook\app\plugins\olog\views\logs\index.ctp, line 64]
2011-05-18 10:53:12 Warning: Warning (2): Invalid argument supplied for foreach() in [C:\xampp\htdocs\logbook\app\plugins\olog\views\logs\index.ctp, line 64]
2011-05-18 10:53:25 Warning: Warning (2): Invalid argument supplied for foreach() in [C:\xampp\htdocs\logbook\app\plugins\olog\views\logs\index.ctp, line 64]
2011-05-18 10:53:38 Warning: Warning (2): Invalid argument supplied for foreach() in [C:\xampp\htdocs\logbook\app\plugins\olog\views\logs\index.ctp, line 64]
2011-05-18 10:58:17 Warning: Warning (2): Invalid argument supplied for foreach() in [C:\xampp\htdocs\logbook\app\plugins\olog\views\logs\index.ctp, line 64]
2011-05-18 10:58:17 Warning: Warning (2): Invalid argument supplied for foreach() in [C:\xampp\htdocs\logbook\app\plugins\olog\views\logs\index.ctp, line 64]
2011-05-18 11:00:53 Warning: Warning (2): Invalid argument supplied for foreach() in [C:\xampp\htdocs\logbook\app\plugins\olog\views\logs\index.ctp, line 64]
2011-05-18 12:59:24 Warning: Warning (2): Invalid argument supplied for foreach() in [C:\xampp\htdocs\logbook\app\plugins\olog\views\logs\index.ctp, line 64]
2011-05-18 13:00:57 Warning: Warning (2): Invalid argument supplied for foreach() in [C:\xampp\htdocs\logbook\app\plugins\olog\views\logs\index.ctp, line 64]
2011-05-18 16:29:52 Warning: Warning (2): Invalid argument supplied for foreach() in [C:\xampp\htdocs\logbook\app\plugins\olog\views\logs\index.ctp, line 64]
2011-05-19 08:42:03 Warning: Warning (2): array_merge() [<a href='http://php.net/function.array-merge'>function.array-merge</a>]: Argument #2 is not an array in [C:\xampp\htdocs\logbook\app\plugins\olog\olog_app_model.php, line 75]
2011-05-19 08:49:07 Warning: Warning (2): Invalid argument supplied for foreach() in [C:\xampp\htdocs\logbook\app\plugins\olog\views\logs\index.ctp, line 64]
2011-05-19 08:51:26 Warning: Warning (2): Invalid argument supplied for foreach() in [C:\xampp\htdocs\logbook\app\plugins\olog\views\logs\index.ctp, line 64]
2011-05-19 08:51:32 Warning: Warning (2): Invalid argument supplied for foreach() in [C:\xampp\htdocs\logbook\app\plugins\olog\views\logs\index.ctp, line 64]
2011-05-19 10:00:19 Warning: Warning (2): Invalid argument supplied for foreach() in [C:\xampp\htdocs\logbook\app\plugins\olog\models\logbook.php, line 129]
